<!DOCTYPE html PUBLIC "-//W3C//DTD XHTML 1.1//EN" "https://www.w3.org/TR/xhtml11/DTD/xhtml11.dtd">
<html xmlns="https://www.w3.org/1999/xhtml">
<head>
<meta http-equiv="content-type" content="text/html; charset=UTF-8"/>
<title>TestNG Report</title>
<style type="text/css">table {margin-bottom:10px;border-collapse:collapse;empty-cells:show}th,td {border:1px solid #009;padding:.25em .5em}th {vertical-align:bottom}td {vertical-align:top}table a {font-weight:bold}.stripe td {background-color: #E6EBF9}.num {text-align:right}.passedodd td {background-color: #3F3}.passedeven td {background-color: #0A0}.skippedodd td {background-color: #DDD}.skippedeven td {background-color: #CCC}.failedodd td,.attn {background-color: #F33}.failedeven td,.stripe .attn {background-color: #D00}.stacktrace {white-space:pre;font-family:monospace}.totop {font-size:85%;text-align:center;border-bottom:2px solid #000}.invisible {display:none}</style>
</head>
<body>
<table>
<tr><th>Test</th><th># Passed</th><th># Skipped</th><th># Retried</th><th># Failed</th><th>Time (ms)</th><th>Included Groups</th><th>Excluded Groups</th></tr>
<tr><th colspan="8">SauceDemo Test Suite</th></tr>
<tr><td><a href="#t0">UI Tests</a></td><td class="num">28</td><td class="num">0</td><td class="num">0</td><td class="num attn">3</td><td class="num">191,506</td><td></td><td></td></tr>
</table>
<table id='summary'><thead><tr><th>Class</th><th>Method</th><th>Start</th><th>Time (ms)</th></tr></thead><tbody><tr><th colspan="4">SauceDemo Test Suite</th></tr></tbody><tbody id="t0"><tr><th colspan="4">UI Tests &#8212; failed</th></tr><tr class="failedeven"><td rowspan="3">com.saucedemo.tests.TestCheckoutPage</td><td><a href="#m0">checkoutFailsWhenMissingFirstName</a></td><td rowspan="1">1757143211530</td><td rowspan="1">5248</td></tr><tr class="failedeven"><td><a href="#m1">checkoutShowsCorrectConfirmationMessage</a></td><td rowspan="1">1757143220063</td><td rowspan="1">5142</td></tr><tr class="failedeven"><td><a href="#m2">completeCheckoutFlow</a></td><td rowspan="1">1757143228168</td><td rowspan="1">6484</td></tr><tr><th colspan="4">UI Tests &#8212; passed</th></tr><tr class="passedeven"><td rowspan="10">com.saucedemo.tests.LoginPageTest</td><td><a href="#m3">ErrorUservalidLogin</a></td><td rowspan="1">1757143114976</td><td rowspan="1">4324</td></tr><tr class="passedeven"><td><a href="#m4">PerformanceglitchuservalidLogin</a></td><td rowspan="1">1757143120828</td><td rowspan="1">12599</td></tr><tr class="passedeven"><td><a href="#m5">Problem_uservalidLogin</a></td><td rowspan="1">1757143135013</td><td rowspan="1">4105</td></tr><tr class="passedeven"><td><a href="#m6">VisualuservalidLogin</a></td><td rowspan="1">1757143140503</td><td rowspan="1">2579</td></tr><tr class="passedeven"><td><a href="#m7">bothFieldsEmptyShowsUsernameRequiredError</a></td><td rowspan="1">1757143144594</td><td rowspan="1">3383</td></tr><tr class="passedeven"><td><a href="#m8">invalidUserShowsError</a></td><td rowspan="1">1757143149443</td><td rowspan="1">1852</td></tr><tr class="passedeven"><td><a href="#m9">lockedOutUserShowsError</a></td><td rowspan="1">1757143152895</td><td rowspan="1">2087</td></tr><tr class="passedeven"><td><a href="#m10">passwordRequiredErrorDisplayed</a></td><td rowspan="1">1757143156422</td><td rowspan="1">1787</td></tr><tr class="passedeven"><td><a href="#m11">usernameRequiredErrorDisplayed</a></td><td rowspan="1">1757143159831</td><td rowspan="1">1661</td></tr><tr class="passedeven"><td><a href="#m12">validLogin</a></td><td rowspan="1">1757143163071</td><td rowspan="1">2511</td></tr><tr class="passedodd"><td rowspan="6">com.saucedemo.tests.TestAddToCartPage</td><td><a href="#m13">addItemUpdatesCartBadge</a></td><td rowspan="1">1757143169094</td><td rowspan="1">163</td></tr><tr class="passedodd"><td><a href="#m14">addToCartButtonChangesToRemove</a></td><td rowspan="1">1757143173127</td><td rowspan="1">159</td></tr><tr class="passedodd"><td><a href="#m15">cartBadgeAccumulatesItems</a></td><td rowspan="1">1757143176657</td><td rowspan="1">226</td></tr><tr class="passedodd"><td><a href="#m16">cartBadgeNotVisibleWhenEmpty</a></td><td rowspan="1">1757143180980</td><td rowspan="1">22</td></tr><tr class="passedodd"><td><a href="#m17">cartLinkNavigatesToCartPage</a></td><td rowspan="1">1757143185322</td><td rowspan="1">170</td></tr><tr class="passedodd"><td><a href="#m18">removeItemUpdatesCartBadgeToZero</a></td><td rowspan="1">1757143189482</td><td rowspan="1">242</td></tr><tr class="passedeven"><td rowspan="5">com.saucedemo.tests.TestCartBadgeCountValidationPage</td><td><a href="#m19">badgeDoesNotIncrementForSameItem</a></td><td rowspan="1">1757143276791</td><td rowspan="1">235</td></tr><tr class="passedeven"><td><a href="#m20">badgeIncrementsWhenAddingItems</a></td><td rowspan="1">1757143282821</td><td rowspan="1">654</td></tr><tr class="passedeven"><td><a href="#m21">badgeShowsTwoWhenAddingTwoItems</a></td><td rowspan="1">1757143290374</td><td rowspan="1">485</td></tr><tr class="passedeven"><td><a href="#m22">badgeShowsZeroWhenNoItemsAdded</a></td><td rowspan="1">1757143296818</td><td rowspan="1">33</td></tr><tr class="passedeven"><td><a href="#m23">badgeUpdatesAfterRemovingItem</a></td><td rowspan="1">1757143302889</td><td rowspan="1">724</td></tr><tr class="passedodd"><td rowspan="2">com.saucedemo.tests.TestCheckoutPage</td><td><a href="#m24">cancelCheckoutShouldReturnToCart</a></td><td rowspan="1">1757143191526</td><td rowspan="1">3149</td></tr><tr class="passedodd"><td><a href="#m25">cannotCheckoutWithEmptyCart</a></td><td rowspan="1">1757143196458</td><td rowspan="1">10498</td></tr><tr class="passedeven"><td rowspan="1">com.saucedemo.tests.TestLogoutPage</td><td><a href="#m26">logoutWorks</a></td><td rowspan="1">1757143263778</td><td rowspan="1">4922</td></tr><tr class="passedodd"><td rowspan="4">com.saucedemo.tests.TestSortingProductPage</td><td><a href="#m27">sortByNameAtoZ</a></td><td rowspan="1">1757143237474</td><td rowspan="1">3878</td></tr><tr class="passedodd"><td><a href="#m28">sortByNameZtoA</a></td><td rowspan="1">1757143244153</td><td rowspan="1">3976</td></tr><tr class="passedodd"><td><a href="#m29">sortByPriceHighToLow</a></td><td rowspan="1">1757143250567</td><td rowspan="1">3359</td></tr><tr class="passedodd"><td><a href="#m30">sortByPriceLowToHigh</a></td><td rowspan="1">1757143256714</td><td rowspan="1">4432</td></tr></tbody>
</table>
<h2>UI Tests</h2><h3 id="m0">com.saucedemo.tests.TestCheckoutPage#checkoutFailsWhenMissingFirstName</h3><table class="result"><tr><th>Exception</th></tr><tr><td><div class="stacktrace">org.openqa.selenium.NoSuchElementException: no such element: Unable to locate element: {&quot;method&quot;:&quot;css selector&quot;,&quot;selector&quot;:&quot;h3[data-test=&apos;error&apos;]&quot;}
  (Session info: chrome=140.0.7339.80)
For documentation on this error, please visit: https://www.selenium.dev/documentation/webdriver/troubleshooting/errors#no-such-element-exception
Build info: version: &apos;4.22.0&apos;, revision: &apos;c5f3146703*&apos;
System info: os.name: &apos;Windows 11&apos;, os.arch: &apos;amd64&apos;, os.version: &apos;10.0&apos;, java.version: &apos;21.0.8&apos;
Driver info: org.openqa.selenium.chrome.ChromeDriver
Command: [8b74d078520158120d150cd24445939c, findElement {value=h3[data-test=&apos;error&apos;], using=css selector}]
Capabilities {acceptInsecureCerts: false, browserName: chrome, browserVersion: 140.0.7339.80, chrome: {chromedriverVersion: 140.0.7339.80 (670b6f192f46..., userDataDir: C:\Users\SHIVAN~1\AppData\L...}, fedcm:accounts: true, goog:chromeOptions: {debuggerAddress: localhost:58093}, networkConnectionEnabled: false, pageLoadStrategy: normal, platformName: windows, proxy: Proxy(), se:cdp: ws://localhost:58093/devtoo..., se:cdpVersion: 140.0.7339.80, setWindowRect: true, strictFileInteractability: false, timeouts: {implicit: 0, pageLoad: 300000, script: 30000}, unhandledPromptBehavior: dismiss and notify, webauthn:extension:credBlob: true, webauthn:extension:largeBlob: true, webauthn:extension:minPinLength: true, webauthn:extension:prf: true, webauthn:virtualAuthenticators: true}
Session ID: 8b74d078520158120d150cd24445939c
	at org.openqa.selenium.remote.ErrorCodec.decode(ErrorCodec.java:167)
	at org.openqa.selenium.remote.codec.w3c.W3CHttpResponseCodec.decode(W3CHttpResponseCodec.java:138)
	at org.openqa.selenium.remote.codec.w3c.W3CHttpResponseCodec.decode(W3CHttpResponseCodec.java:50)
	at org.openqa.selenium.remote.HttpCommandExecutor.execute(HttpCommandExecutor.java:190)
	at org.openqa.selenium.remote.service.DriverCommandExecutor.invokeExecute(DriverCommandExecutor.java:216)
	at org.openqa.selenium.remote.service.DriverCommandExecutor.execute(DriverCommandExecutor.java:174)
	at org.openqa.selenium.remote.RemoteWebDriver.execute(RemoteWebDriver.java:518)
	at org.openqa.selenium.remote.ElementLocation$ElementFinder$2.findElement(ElementLocation.java:165)
	at org.openqa.selenium.remote.ElementLocation.findElement(ElementLocation.java:59)
	at org.openqa.selenium.remote.RemoteWebDriver.findElement(RemoteWebDriver.java:355)
	at org.openqa.selenium.remote.RemoteWebDriver.findElement(RemoteWebDriver.java:349)
	at com.saucedemo.pages.CheckoutPage.getErrorMessage(CheckoutPage.java:142)
	at com.saucedemo.tests.TestCheckoutPage.checkoutFailsWhenMissingFirstName(TestCheckoutPage.java:117)
	at java.base/java.util.ArrayList.forEach(ArrayList.java:1596)
	at java.base/java.util.concurrent.FutureTask.run(FutureTask.java:317)
	at java.base/java.util.concurrent.ThreadPoolExecutor.runWorker(ThreadPoolExecutor.java:1144)
	at java.base/java.util.concurrent.ThreadPoolExecutor$Worker.run(ThreadPoolExecutor.java:642)
	at java.base/java.lang.Thread.run(Thread.java:1583)
... Removed 18 stack frames</div></td></tr></table><p class="totop"><a href="#summary">back to summary</a></p>
<h3 id="m1">com.saucedemo.tests.TestCheckoutPage#checkoutShowsCorrectConfirmationMessage</h3><table class="result"><tr><th>Exception</th></tr><tr><td><div class="stacktrace">org.openqa.selenium.NoSuchElementException: no such element: Unable to locate element: {&quot;method&quot;:&quot;css selector&quot;,&quot;selector&quot;:&quot;#finish&quot;}
  (Session info: chrome=140.0.7339.80)
For documentation on this error, please visit: https://www.selenium.dev/documentation/webdriver/troubleshooting/errors#no-such-element-exception
Build info: version: &apos;4.22.0&apos;, revision: &apos;c5f3146703*&apos;
System info: os.name: &apos;Windows 11&apos;, os.arch: &apos;amd64&apos;, os.version: &apos;10.0&apos;, java.version: &apos;21.0.8&apos;
Driver info: org.openqa.selenium.chrome.ChromeDriver
Command: [1511127bd8c9495c55cd9e4d34079967, findElement {value=finish, using=id}]
Capabilities {acceptInsecureCerts: false, browserName: chrome, browserVersion: 140.0.7339.80, chrome: {chromedriverVersion: 140.0.7339.80 (670b6f192f46..., userDataDir: C:\Users\SHIVAN~1\AppData\L...}, fedcm:accounts: true, goog:chromeOptions: {debuggerAddress: localhost:63679}, networkConnectionEnabled: false, pageLoadStrategy: normal, platformName: windows, proxy: Proxy(), se:cdp: ws://localhost:63679/devtoo..., se:cdpVersion: 140.0.7339.80, setWindowRect: true, strictFileInteractability: false, timeouts: {implicit: 0, pageLoad: 300000, script: 30000}, unhandledPromptBehavior: dismiss and notify, webauthn:extension:credBlob: true, webauthn:extension:largeBlob: true, webauthn:extension:minPinLength: true, webauthn:extension:prf: true, webauthn:virtualAuthenticators: true}
Session ID: 1511127bd8c9495c55cd9e4d34079967
	at org.openqa.selenium.remote.ErrorCodec.decode(ErrorCodec.java:167)
	at org.openqa.selenium.remote.codec.w3c.W3CHttpResponseCodec.decode(W3CHttpResponseCodec.java:138)
	at org.openqa.selenium.remote.codec.w3c.W3CHttpResponseCodec.decode(W3CHttpResponseCodec.java:50)
	at org.openqa.selenium.remote.HttpCommandExecutor.execute(HttpCommandExecutor.java:190)
	at org.openqa.selenium.remote.service.DriverCommandExecutor.invokeExecute(DriverCommandExecutor.java:216)
	at org.openqa.selenium.remote.service.DriverCommandExecutor.execute(DriverCommandExecutor.java:174)
	at org.openqa.selenium.remote.RemoteWebDriver.execute(RemoteWebDriver.java:518)
	at org.openqa.selenium.remote.ElementLocation$ElementFinder$2.findElement(ElementLocation.java:165)
	at org.openqa.selenium.remote.ElementLocation.findElement(ElementLocation.java:59)
	at org.openqa.selenium.remote.RemoteWebDriver.findElement(RemoteWebDriver.java:355)
	at org.openqa.selenium.remote.RemoteWebDriver.findElement(RemoteWebDriver.java:349)
	at com.saucedemo.pages.CheckoutPage.finishCheckout(CheckoutPage.java:130)
	at com.saucedemo.tests.TestCheckoutPage.checkoutShowsCorrectConfirmationMessage(TestCheckoutPage.java:159)
	at java.base/java.util.ArrayList.forEach(ArrayList.java:1596)
	at java.base/java.util.concurrent.FutureTask.run(FutureTask.java:317)
	at java.base/java.util.concurrent.ThreadPoolExecutor.runWorker(ThreadPoolExecutor.java:1144)
	at java.base/java.util.concurrent.ThreadPoolExecutor$Worker.run(ThreadPoolExecutor.java:642)
	at java.base/java.lang.Thread.run(Thread.java:1583)
... Removed 18 stack frames</div></td></tr></table><p class="totop"><a href="#summary">back to summary</a></p>
<h3 id="m2">com.saucedemo.tests.TestCheckoutPage#completeCheckoutFlow</h3><table class="result"><tr><th>Exception</th></tr><tr><td><div class="stacktrace">org.openqa.selenium.NoSuchElementException: no such element: Unable to locate element: {&quot;method&quot;:&quot;css selector&quot;,&quot;selector&quot;:&quot;#finish&quot;}
  (Session info: chrome=140.0.7339.80)
For documentation on this error, please visit: https://www.selenium.dev/documentation/webdriver/troubleshooting/errors#no-such-element-exception
Build info: version: &apos;4.22.0&apos;, revision: &apos;c5f3146703*&apos;
System info: os.name: &apos;Windows 11&apos;, os.arch: &apos;amd64&apos;, os.version: &apos;10.0&apos;, java.version: &apos;21.0.8&apos;
Driver info: org.openqa.selenium.chrome.ChromeDriver
Command: [44722fb60e04cc496ebc90a770d0cca7, findElement {value=finish, using=id}]
Capabilities {acceptInsecureCerts: false, browserName: chrome, browserVersion: 140.0.7339.80, chrome: {chromedriverVersion: 140.0.7339.80 (670b6f192f46..., userDataDir: C:\Users\SHIVAN~1\AppData\L...}, fedcm:accounts: true, goog:chromeOptions: {debuggerAddress: localhost:56465}, networkConnectionEnabled: false, pageLoadStrategy: normal, platformName: windows, proxy: Proxy(), se:cdp: ws://localhost:56465/devtoo..., se:cdpVersion: 140.0.7339.80, setWindowRect: true, strictFileInteractability: false, timeouts: {implicit: 0, pageLoad: 300000, script: 30000}, unhandledPromptBehavior: dismiss and notify, webauthn:extension:credBlob: true, webauthn:extension:largeBlob: true, webauthn:extension:minPinLength: true, webauthn:extension:prf: true, webauthn:virtualAuthenticators: true}
Session ID: 44722fb60e04cc496ebc90a770d0cca7
	at org.openqa.selenium.remote.ErrorCodec.decode(ErrorCodec.java:167)
	at org.openqa.selenium.remote.codec.w3c.W3CHttpResponseCodec.decode(W3CHttpResponseCodec.java:138)
	at org.openqa.selenium.remote.codec.w3c.W3CHttpResponseCodec.decode(W3CHttpResponseCodec.java:50)
	at org.openqa.selenium.remote.HttpCommandExecutor.execute(HttpCommandExecutor.java:190)
	at org.openqa.selenium.remote.service.DriverCommandExecutor.invokeExecute(DriverCommandExecutor.java:216)
	at org.openqa.selenium.remote.service.DriverCommandExecutor.execute(DriverCommandExecutor.java:174)
	at org.openqa.selenium.remote.RemoteWebDriver.execute(RemoteWebDriver.java:518)
	at org.openqa.selenium.remote.ElementLocation$ElementFinder$2.findElement(ElementLocation.java:165)
	at org.openqa.selenium.remote.ElementLocation.findElement(ElementLocation.java:59)
	at org.openqa.selenium.remote.RemoteWebDriver.findElement(RemoteWebDriver.java:355)
	at org.openqa.selenium.remote.RemoteWebDriver.findElement(RemoteWebDriver.java:349)
	at com.saucedemo.pages.CheckoutPage.finishCheckout(CheckoutPage.java:130)
	at com.saucedemo.tests.TestCheckoutPage.completeCheckoutFlow(TestCheckoutPage.java:101)
	at java.base/java.util.ArrayList.forEach(ArrayList.java:1596)
	at java.base/java.util.concurrent.FutureTask.run(FutureTask.java:317)
	at java.base/java.util.concurrent.ThreadPoolExecutor.runWorker(ThreadPoolExecutor.java:1144)
	at java.base/java.util.concurrent.ThreadPoolExecutor$Worker.run(ThreadPoolExecutor.java:642)
	at java.base/java.lang.Thread.run(Thread.java:1583)
... Removed 18 stack frames</div></td></tr></table><p class="totop"><a href="#summary">back to summary</a></p>
<h3 id="m3">com.saucedemo.tests.LoginPageTest#ErrorUservalidLogin</h3><table class="result"><tr><th class="invisible"/></tr></table><p class="totop"><a href="#summary">back to summary</a></p>
<h3 id="m4">com.saucedemo.tests.LoginPageTest#PerformanceglitchuservalidLogin</h3><table class="result"><tr><th class="invisible"/></tr></table><p class="totop"><a href="#summary">back to summary</a></p>
<h3 id="m5">com.saucedemo.tests.LoginPageTest#Problem_uservalidLogin</h3><table class="result"><tr><th class="invisible"/></tr></table><p class="totop"><a href="#summary">back to summary</a></p>
<h3 id="m6">com.saucedemo.tests.LoginPageTest#VisualuservalidLogin</h3><table class="result"><tr><th class="invisible"/></tr></table><p class="totop"><a href="#summary">back to summary</a></p>
<h3 id="m7">com.saucedemo.tests.LoginPageTest#bothFieldsEmptyShowsUsernameRequiredError</h3><table class="result"><tr><th class="invisible"/></tr></table><p class="totop"><a href="#summary">back to summary</a></p>
<h3 id="m8">com.saucedemo.tests.LoginPageTest#invalidUserShowsError</h3><table class="result"><tr><th class="invisible"/></tr></table><p class="totop"><a href="#summary">back to summary</a></p>
<h3 id="m9">com.saucedemo.tests.LoginPageTest#lockedOutUserShowsError</h3><table class="result"><tr><th class="invisible"/></tr></table><p class="totop"><a href="#summary">back to summary</a></p>
<h3 id="m10">com.saucedemo.tests.LoginPageTest#passwordRequiredErrorDisplayed</h3><table class="result"><tr><th class="invisible"/></tr></table><p class="totop"><a href="#summary">back to summary</a></p>
<h3 id="m11">com.saucedemo.tests.LoginPageTest#usernameRequiredErrorDisplayed</h3><table class="result"><tr><th class="invisible"/></tr></table><p class="totop"><a href="#summary">back to summary</a></p>
<h3 id="m12">com.saucedemo.tests.LoginPageTest#validLogin</h3><table class="result"><tr><th class="invisible"/></tr></table><p class="totop"><a href="#summary">back to summary</a></p>
<h3 id="m13">com.saucedemo.tests.TestAddToCartPage#addItemUpdatesCartBadge</h3><table class="result"><tr><th class="invisible"/></tr></table><p class="totop"><a href="#summary">back to summary</a></p>
<h3 id="m14">com.saucedemo.tests.TestAddToCartPage#addToCartButtonChangesToRemove</h3><table class="result"><tr><th class="invisible"/></tr></table><p class="totop"><a href="#summary">back to summary</a></p>
<h3 id="m15">com.saucedemo.tests.TestAddToCartPage#cartBadgeAccumulatesItems</h3><table class="result"><tr><th class="invisible"/></tr></table><p class="totop"><a href="#summary">back to summary</a></p>
<h3 id="m16">com.saucedemo.tests.TestAddToCartPage#cartBadgeNotVisibleWhenEmpty</h3><table class="result"><tr><th class="invisible"/></tr></table><p class="totop"><a href="#summary">back to summary</a></p>
<h3 id="m17">com.saucedemo.tests.TestAddToCartPage#cartLinkNavigatesToCartPage</h3><table class="result"><tr><th class="invisible"/></tr></table><p class="totop"><a href="#summary">back to summary</a></p>
<h3 id="m18">com.saucedemo.tests.TestAddToCartPage#removeItemUpdatesCartBadgeToZero</h3><table class="result"><tr><th class="invisible"/></tr></table><p class="totop"><a href="#summary">back to summary</a></p>
<h3 id="m19">com.saucedemo.tests.TestCartBadgeCountValidationPage#badgeDoesNotIncrementForSameItem</h3><table class="result"><tr><th class="invisible"/></tr></table><p class="totop"><a href="#summary">back to summary</a></p>
<h3 id="m20">com.saucedemo.tests.TestCartBadgeCountValidationPage#badgeIncrementsWhenAddingItems</h3><table class="result"><tr><th class="invisible"/></tr></table><p class="totop"><a href="#summary">back to summary</a></p>
<h3 id="m21">com.saucedemo.tests.TestCartBadgeCountValidationPage#badgeShowsTwoWhenAddingTwoItems</h3><table class="result"><tr><th class="invisible"/></tr></table><p class="totop"><a href="#summary">back to summary</a></p>
<h3 id="m22">com.saucedemo.tests.TestCartBadgeCountValidationPage#badgeShowsZeroWhenNoItemsAdded</h3><table class="result"><tr><th class="invisible"/></tr></table><p class="totop"><a href="#summary">back to summary</a></p>
<h3 id="m23">com.saucedemo.tests.TestCartBadgeCountValidationPage#badgeUpdatesAfterRemovingItem</h3><table class="result"><tr><th class="invisible"/></tr></table><p class="totop"><a href="#summary">back to summary</a></p>
<h3 id="m24">com.saucedemo.tests.TestCheckoutPage#cancelCheckoutShouldReturnToCart</h3><table class="result"><tr><th class="invisible"/></tr></table><p class="totop"><a href="#summary">back to summary</a></p>
<h3 id="m25">com.saucedemo.tests.TestCheckoutPage#cannotCheckoutWithEmptyCart</h3><table class="result"><tr><th class="invisible"/></tr></table><p class="totop"><a href="#summary">back to summary</a></p>
<h3 id="m26">com.saucedemo.tests.TestLogoutPage#logoutWorks</h3><table class="result"><tr><th class="invisible"/></tr></table><p class="totop"><a href="#summary">back to summary</a></p>
<h3 id="m27">com.saucedemo.tests.TestSortingProductPage#sortByNameAtoZ</h3><table class="result"><tr><th class="invisible"/></tr></table><p class="totop"><a href="#summary">back to summary</a></p>
<h3 id="m28">com.saucedemo.tests.TestSortingProductPage#sortByNameZtoA</h3><table class="result"><tr><th class="invisible"/></tr></table><p class="totop"><a href="#summary">back to summary</a></p>
<h3 id="m29">com.saucedemo.tests.TestSortingProductPage#sortByPriceHighToLow</h3><table class="result"><tr><th class="invisible"/></tr></table><p class="totop"><a href="#summary">back to summary</a></p>
<h3 id="m30">com.saucedemo.tests.TestSortingProductPage#sortByPriceLowToHigh</h3><table class="result"><tr><th class="invisible"/></tr></table><p class="totop"><a href="#summary">back to summary</a></p>
</body>
</html>
