<!DOCTYPE html>

<html>
  <head>
  <meta charset='utf-8'>
  <title>TestNG reports</title>

    <link type="text/css" href="testng-reports1.css" rel="stylesheet" id="ultra" />
    <link type="text/css" href="testng-reports.css" rel="stylesheet" id="retro" disabled="false"/>
    <script type="text/javascript" src="jquery-3.6.0.min.js"></script>
    <script type="text/javascript" src="testng-reports.js"></script>
    <script type="text/javascript" src="https://www.google.com/jsapi"></script>
    <script type='text/javascript'>
      google.load('visualization', '1', {packages:['table']});
      google.setOnLoadCallback(drawTable);
      var suiteTableInitFunctions = new Array();
      var suiteTableData = new Array();
    </script>
    <!--
      <script type="text/javascript" src="jquery-ui/js/jquery-ui-1.8.16.custom.min.js"></script>
     -->
  </head>

  <body>    <div class="top-banner-root">
      <span class="top-banner-title-font">Test results</span>
      <button id="button" class="button">Switch Retro Theme</button> <!-- button -->
      <br/>
      <span class="top-banner-font-1">1 suite, 3 failed tests</span>
    </div> <!-- top-banner-root -->
    <div class="navigator-root">
      <div class="navigator-suite-header">
        <span>All suites</span>
        <a href="#" title="Collapse/expand all the suites" class="collapse-all-link">
          <img src="collapseall.gif" class="collapse-all-icon">
          </img> <!-- collapse-all-icon -->
        </a> <!-- collapse-all-link -->
      </div> <!-- navigator-suite-header -->
      <div class="suite">
        <div class="rounded-window">
          <div class="suite-header light-rounded-window-top">
            <a href="#" panel-name="suite-SauceDemo_Test_Suite" class="navigator-link">
              <span class="suite-name border-failed">SauceDemo Test Suite</span>
            </a> <!-- navigator-link -->
          </div> <!-- suite-header light-rounded-window-top -->
          <div class="navigator-suite-content">
            <div class="suite-section-title">
              <span>Info</span>
            </div> <!-- suite-section-title -->
            <div class="suite-section-content">
              <ul>
                <li>
                  <a href="#" panel-name="test-xml-SauceDemo_Test_Suite" class="navigator-link ">
                    <span>D:\SauceDemo_Automation\SauceDemoAutomation\testng.xml</span>
                  </a> <!-- navigator-link  -->
                </li>
                <li>
                  <a href="#" panel-name="testlist-SauceDemo_Test_Suite" class="navigator-link ">
                    <span class="test-stats">1 test</span>
                  </a> <!-- navigator-link  -->
                </li>
                <li>
                  <a href="#" panel-name="group-SauceDemo_Test_Suite" class="navigator-link ">
                    <span>0 groups</span>
                  </a> <!-- navigator-link  -->
                </li>
                <li>
                  <a href="#" panel-name="times-SauceDemo_Test_Suite" class="navigator-link ">
                    <span>Times</span>
                  </a> <!-- navigator-link  -->
                </li>
                <li>
                  <a href="#" panel-name="reporter-SauceDemo_Test_Suite" class="navigator-link ">
                    <span>Reporter output</span>
                  </a> <!-- navigator-link  -->
                </li>
                <li>
                  <a href="#" panel-name="ignored-methods-SauceDemo_Test_Suite" class="navigator-link ">
                    <span>Ignored methods</span>
                  </a> <!-- navigator-link  -->
                </li>
                <li>
                  <a href="#" panel-name="chronological-SauceDemo_Test_Suite" class="navigator-link ">
                    <span>Chronological view</span>
                  </a> <!-- navigator-link  -->
                </li>
              </ul>
            </div> <!-- suite-section-content -->
            <div class="result-section">
              <div class="suite-section-title">
                <span>Results</span>
              </div> <!-- suite-section-title -->
              <div class="suite-section-content">
                <ul>
                  <li>
                    <span class="method-stats">31 methods, 3 failed,   28 passed</span>
                  </li>
                  <li>
                    <span class="method-list-title failed">Failed methods</span>
                    <span class="show-or-hide-methods failed">
                      <a href="#" panel-name="suite-SauceDemo_Test_Suite" class="hide-methods failed suite-SauceDemo_Test_Suite"> (hide)</a> <!-- hide-methods failed suite-SauceDemo_Test_Suite -->
                      <a href="#" panel-name="suite-SauceDemo_Test_Suite" class="show-methods failed suite-SauceDemo_Test_Suite"> (show)</a> <!-- show-methods failed suite-SauceDemo_Test_Suite -->
                    </span>
                    <div class="method-list-content failed suite-SauceDemo_Test_Suite">
                      <span>
                        <img src="failed.png" width="3%"/>
                        <a href="#" panel-name="suite-SauceDemo_Test_Suite" title="com.saucedemo.tests.TestCheckoutPage" class="method navigator-link" hash-for-method="checkoutFailsWhenMissingFirstName">checkoutFailsWhenMissingFirstName</a> <!-- method navigator-link -->
                      </span>
                      <br/>
                      <span>
                        <img src="failed.png" width="3%"/>
                        <a href="#" panel-name="suite-SauceDemo_Test_Suite" title="com.saucedemo.tests.TestCheckoutPage" class="method navigator-link" hash-for-method="checkoutShowsCorrectConfirmationMessage">checkoutShowsCorrectConfirmationMessage</a> <!-- method navigator-link -->
                      </span>
                      <br/>
                      <span>
                        <img src="failed.png" width="3%"/>
                        <a href="#" panel-name="suite-SauceDemo_Test_Suite" title="com.saucedemo.tests.TestCheckoutPage" class="method navigator-link" hash-for-method="completeCheckoutFlow">completeCheckoutFlow</a> <!-- method navigator-link -->
                      </span>
                      <br/>
                    </div> <!-- method-list-content failed suite-SauceDemo_Test_Suite -->
                  </li>
                  <li>
                    <span class="method-list-title passed">Passed methods</span>
                    <span class="show-or-hide-methods passed">
                      <a href="#" panel-name="suite-SauceDemo_Test_Suite" class="hide-methods passed suite-SauceDemo_Test_Suite"> (hide)</a> <!-- hide-methods passed suite-SauceDemo_Test_Suite -->
                      <a href="#" panel-name="suite-SauceDemo_Test_Suite" class="show-methods passed suite-SauceDemo_Test_Suite"> (show)</a> <!-- show-methods passed suite-SauceDemo_Test_Suite -->
                    </span>
                    <div class="method-list-content passed suite-SauceDemo_Test_Suite">
                      <span>
                        <img src="passed.png" width="3%"/>
                        <a href="#" panel-name="suite-SauceDemo_Test_Suite" title="com.saucedemo.tests.LoginPageTest" class="method navigator-link" hash-for-method="ErrorUservalidLogin">ErrorUservalidLogin</a> <!-- method navigator-link -->
                      </span>
                      <br/>
                      <span>
                        <img src="passed.png" width="3%"/>
                        <a href="#" panel-name="suite-SauceDemo_Test_Suite" title="com.saucedemo.tests.LoginPageTest" class="method navigator-link" hash-for-method="PerformanceglitchuservalidLogin">PerformanceglitchuservalidLogin</a> <!-- method navigator-link -->
                      </span>
                      <br/>
                      <span>
                        <img src="passed.png" width="3%"/>
                        <a href="#" panel-name="suite-SauceDemo_Test_Suite" title="com.saucedemo.tests.LoginPageTest" class="method navigator-link" hash-for-method="Problem_uservalidLogin">Problem_uservalidLogin</a> <!-- method navigator-link -->
                      </span>
                      <br/>
                      <span>
                        <img src="passed.png" width="3%"/>
                        <a href="#" panel-name="suite-SauceDemo_Test_Suite" title="com.saucedemo.tests.LoginPageTest" class="method navigator-link" hash-for-method="VisualuservalidLogin">VisualuservalidLogin</a> <!-- method navigator-link -->
                      </span>
                      <br/>
                      <span>
                        <img src="passed.png" width="3%"/>
                        <a href="#" panel-name="suite-SauceDemo_Test_Suite" title="com.saucedemo.tests.TestAddToCartPage" class="method navigator-link" hash-for-method="addItemUpdatesCartBadge">addItemUpdatesCartBadge</a> <!-- method navigator-link -->
                      </span>
                      <br/>
                      <span>
                        <img src="passed.png" width="3%"/>
                        <a href="#" panel-name="suite-SauceDemo_Test_Suite" title="com.saucedemo.tests.TestAddToCartPage" class="method navigator-link" hash-for-method="addToCartButtonChangesToRemove">addToCartButtonChangesToRemove</a> <!-- method navigator-link -->
                      </span>
                      <br/>
                      <span>
                        <img src="passed.png" width="3%"/>
                        <a href="#" panel-name="suite-SauceDemo_Test_Suite" title="com.saucedemo.tests.TestCartBadgeCountValidationPage" class="method navigator-link" hash-for-method="badgeDoesNotIncrementForSameItem">badgeDoesNotIncrementForSameItem</a> <!-- method navigator-link -->
                      </span>
                      <br/>
                      <span>
                        <img src="passed.png" width="3%"/>
                        <a href="#" panel-name="suite-SauceDemo_Test_Suite" title="com.saucedemo.tests.TestCartBadgeCountValidationPage" class="method navigator-link" hash-for-method="badgeIncrementsWhenAddingItems">badgeIncrementsWhenAddingItems</a> <!-- method navigator-link -->
                      </span>
                      <br/>
                      <span>
                        <img src="passed.png" width="3%"/>
                        <a href="#" panel-name="suite-SauceDemo_Test_Suite" title="com.saucedemo.tests.TestCartBadgeCountValidationPage" class="method navigator-link" hash-for-method="badgeShowsTwoWhenAddingTwoItems">badgeShowsTwoWhenAddingTwoItems</a> <!-- method navigator-link -->
                      </span>
                      <br/>
                      <span>
                        <img src="passed.png" width="3%"/>
                        <a href="#" panel-name="suite-SauceDemo_Test_Suite" title="com.saucedemo.tests.TestCartBadgeCountValidationPage" class="method navigator-link" hash-for-method="badgeShowsZeroWhenNoItemsAdded">badgeShowsZeroWhenNoItemsAdded</a> <!-- method navigator-link -->
                      </span>
                      <br/>
                      <span>
                        <img src="passed.png" width="3%"/>
                        <a href="#" panel-name="suite-SauceDemo_Test_Suite" title="com.saucedemo.tests.TestCartBadgeCountValidationPage" class="method navigator-link" hash-for-method="badgeUpdatesAfterRemovingItem">badgeUpdatesAfterRemovingItem</a> <!-- method navigator-link -->
                      </span>
                      <br/>
                      <span>
                        <img src="passed.png" width="3%"/>
                        <a href="#" panel-name="suite-SauceDemo_Test_Suite" title="com.saucedemo.tests.LoginPageTest" class="method navigator-link" hash-for-method="bothFieldsEmptyShowsUsernameRequiredError">bothFieldsEmptyShowsUsernameRequiredError</a> <!-- method navigator-link -->
                      </span>
                      <br/>
                      <span>
                        <img src="passed.png" width="3%"/>
                        <a href="#" panel-name="suite-SauceDemo_Test_Suite" title="com.saucedemo.tests.TestCheckoutPage" class="method navigator-link" hash-for-method="cancelCheckoutShouldReturnToCart">cancelCheckoutShouldReturnToCart</a> <!-- method navigator-link -->
                      </span>
                      <br/>
                      <span>
                        <img src="passed.png" width="3%"/>
                        <a href="#" panel-name="suite-SauceDemo_Test_Suite" title="com.saucedemo.tests.TestCheckoutPage" class="method navigator-link" hash-for-method="cannotCheckoutWithEmptyCart">cannotCheckoutWithEmptyCart</a> <!-- method navigator-link -->
                      </span>
                      <br/>
                      <span>
                        <img src="passed.png" width="3%"/>
                        <a href="#" panel-name="suite-SauceDemo_Test_Suite" title="com.saucedemo.tests.TestAddToCartPage" class="method navigator-link" hash-for-method="cartBadgeAccumulatesItems">cartBadgeAccumulatesItems</a> <!-- method navigator-link -->
                      </span>
                      <br/>
                      <span>
                        <img src="passed.png" width="3%"/>
                        <a href="#" panel-name="suite-SauceDemo_Test_Suite" title="com.saucedemo.tests.TestAddToCartPage" class="method navigator-link" hash-for-method="cartBadgeNotVisibleWhenEmpty">cartBadgeNotVisibleWhenEmpty</a> <!-- method navigator-link -->
                      </span>
                      <br/>
                      <span>
                        <img src="passed.png" width="3%"/>
                        <a href="#" panel-name="suite-SauceDemo_Test_Suite" title="com.saucedemo.tests.TestAddToCartPage" class="method navigator-link" hash-for-method="cartLinkNavigatesToCartPage">cartLinkNavigatesToCartPage</a> <!-- method navigator-link -->
                      </span>
                      <br/>
                      <span>
                        <img src="passed.png" width="3%"/>
                        <a href="#" panel-name="suite-SauceDemo_Test_Suite" title="com.saucedemo.tests.LoginPageTest" class="method navigator-link" hash-for-method="invalidUserShowsError">invalidUserShowsError</a> <!-- method navigator-link -->
                      </span>
                      <br/>
                      <span>
                        <img src="passed.png" width="3%"/>
                        <a href="#" panel-name="suite-SauceDemo_Test_Suite" title="com.saucedemo.tests.LoginPageTest" class="method navigator-link" hash-for-method="lockedOutUserShowsError">lockedOutUserShowsError</a> <!-- method navigator-link -->
                      </span>
                      <br/>
                      <span>
                        <img src="passed.png" width="3%"/>
                        <a href="#" panel-name="suite-SauceDemo_Test_Suite" title="com.saucedemo.tests.TestLogoutPage" class="method navigator-link" hash-for-method="logoutWorks">logoutWorks</a> <!-- method navigator-link -->
                      </span>
                      <br/>
                      <span>
                        <img src="passed.png" width="3%"/>
                        <a href="#" panel-name="suite-SauceDemo_Test_Suite" title="com.saucedemo.tests.LoginPageTest" class="method navigator-link" hash-for-method="passwordRequiredErrorDisplayed">passwordRequiredErrorDisplayed</a> <!-- method navigator-link -->
                      </span>
                      <br/>
                      <span>
                        <img src="passed.png" width="3%"/>
                        <a href="#" panel-name="suite-SauceDemo_Test_Suite" title="com.saucedemo.tests.TestAddToCartPage" class="method navigator-link" hash-for-method="removeItemUpdatesCartBadgeToZero">removeItemUpdatesCartBadgeToZero</a> <!-- method navigator-link -->
                      </span>
                      <br/>
                      <span>
                        <img src="passed.png" width="3%"/>
                        <a href="#" panel-name="suite-SauceDemo_Test_Suite" title="com.saucedemo.tests.TestSortingProductPage" class="method navigator-link" hash-for-method="sortByNameAtoZ">sortByNameAtoZ</a> <!-- method navigator-link -->
                      </span>
                      <br/>
                      <span>
                        <img src="passed.png" width="3%"/>
                        <a href="#" panel-name="suite-SauceDemo_Test_Suite" title="com.saucedemo.tests.TestSortingProductPage" class="method navigator-link" hash-for-method="sortByNameZtoA">sortByNameZtoA</a> <!-- method navigator-link -->
                      </span>
                      <br/>
                      <span>
                        <img src="passed.png" width="3%"/>
                        <a href="#" panel-name="suite-SauceDemo_Test_Suite" title="com.saucedemo.tests.TestSortingProductPage" class="method navigator-link" hash-for-method="sortByPriceHighToLow">sortByPriceHighToLow</a> <!-- method navigator-link -->
                      </span>
                      <br/>
                      <span>
                        <img src="passed.png" width="3%"/>
                        <a href="#" panel-name="suite-SauceDemo_Test_Suite" title="com.saucedemo.tests.TestSortingProductPage" class="method navigator-link" hash-for-method="sortByPriceLowToHigh">sortByPriceLowToHigh</a> <!-- method navigator-link -->
                      </span>
                      <br/>
                      <span>
                        <img src="passed.png" width="3%"/>
                        <a href="#" panel-name="suite-SauceDemo_Test_Suite" title="com.saucedemo.tests.LoginPageTest" class="method navigator-link" hash-for-method="usernameRequiredErrorDisplayed">usernameRequiredErrorDisplayed</a> <!-- method navigator-link -->
                      </span>
                      <br/>
                      <span>
                        <img src="passed.png" width="3%"/>
                        <a href="#" panel-name="suite-SauceDemo_Test_Suite" title="com.saucedemo.tests.LoginPageTest" class="method navigator-link" hash-for-method="validLogin">validLogin</a> <!-- method navigator-link -->
                      </span>
                      <br/>
                    </div> <!-- method-list-content passed suite-SauceDemo_Test_Suite -->
                  </li>
                </ul>
              </div> <!-- suite-section-content -->
            </div> <!-- result-section -->
          </div> <!-- navigator-suite-content -->
        </div> <!-- rounded-window -->
      </div> <!-- suite -->
    </div> <!-- navigator-root -->
    <div class="wrapper">
      <div class="main-panel-root">
        <div panel-name="suite-SauceDemo_Test_Suite" class="panel SauceDemo_Test_Suite">
          <div class="suite-SauceDemo_Test_Suite-class-failed">
            <div class="main-panel-header rounded-window-top">
              <img src="failed.png"/>
              <span class="class-name">com.saucedemo.tests.TestCheckoutPage</span>
            </div> <!-- main-panel-header rounded-window-top -->
            <div class="main-panel-content rounded-window-bottom">
              <div class="method">
                <div class="method-content">
                  <a name="checkoutFailsWhenMissingFirstName">
                  </a> <!-- checkoutFailsWhenMissingFirstName -->
                  <span class="method-name">checkoutFailsWhenMissingFirstName</span>
                  <div class="stack-trace">org.openqa.selenium.NoSuchElementException: no such element: Unable to locate element: {&quot;method&quot;:&quot;css selector&quot;,&quot;selector&quot;:&quot;h3[data-test=&apos;error&apos;]&quot;}
  (Session info: chrome=140.0.7339.80)
For documentation on this error, please visit: https://www.selenium.dev/documentation/webdriver/troubleshooting/errors#no-such-element-exception
Build info: version: &apos;4.22.0&apos;, revision: &apos;c5f3146703*&apos;
System info: os.name: &apos;Windows 11&apos;, os.arch: &apos;amd64&apos;, os.version: &apos;10.0&apos;, java.version: &apos;21.0.8&apos;
Driver info: org.openqa.selenium.chrome.ChromeDriver
Command: [8b74d078520158120d150cd24445939c, findElement {value=h3[data-test=&apos;error&apos;], using=css selector}]
Capabilities {acceptInsecureCerts: false, browserName: chrome, browserVersion: 140.0.7339.80, chrome: {chromedriverVersion: 140.0.7339.80 (670b6f192f46..., userDataDir: C:\Users\SHIVAN~1\AppData\L...}, fedcm:accounts: true, goog:chromeOptions: {debuggerAddress: localhost:58093}, networkConnectionEnabled: false, pageLoadStrategy: normal, platformName: windows, proxy: Proxy(), se:cdp: ws://localhost:58093/devtoo..., se:cdpVersion: 140.0.7339.80, setWindowRect: true, strictFileInteractability: false, timeouts: {implicit: 0, pageLoad: 300000, script: 30000}, unhandledPromptBehavior: dismiss and notify, webauthn:extension:credBlob: true, webauthn:extension:largeBlob: true, webauthn:extension:minPinLength: true, webauthn:extension:prf: true, webauthn:virtualAuthenticators: true}
Session ID: 8b74d078520158120d150cd24445939c
	at org.openqa.selenium.remote.ErrorCodec.decode(ErrorCodec.java:167)
	at org.openqa.selenium.remote.codec.w3c.W3CHttpResponseCodec.decode(W3CHttpResponseCodec.java:138)
	at org.openqa.selenium.remote.codec.w3c.W3CHttpResponseCodec.decode(W3CHttpResponseCodec.java:50)
	at org.openqa.selenium.remote.HttpCommandExecutor.execute(HttpCommandExecutor.java:190)
	at org.openqa.selenium.remote.service.DriverCommandExecutor.invokeExecute(DriverCommandExecutor.java:216)
	at org.openqa.selenium.remote.service.DriverCommandExecutor.execute(DriverCommandExecutor.java:174)
	at org.openqa.selenium.remote.RemoteWebDriver.execute(RemoteWebDriver.java:518)
	at org.openqa.selenium.remote.ElementLocation$ElementFinder$2.findElement(ElementLocation.java:165)
	at org.openqa.selenium.remote.ElementLocation.findElement(ElementLocation.java:59)
	at org.openqa.selenium.remote.RemoteWebDriver.findElement(RemoteWebDriver.java:355)
	at org.openqa.selenium.remote.RemoteWebDriver.findElement(RemoteWebDriver.java:349)
	at com.saucedemo.pages.CheckoutPage.getErrorMessage(CheckoutPage.java:142)
	at com.saucedemo.tests.TestCheckoutPage.checkoutFailsWhenMissingFirstName(TestCheckoutPage.java:117)
	at java.base/java.util.ArrayList.forEach(ArrayList.java:1596)
	at java.base/java.util.concurrent.FutureTask.run(FutureTask.java:317)
	at java.base/java.util.concurrent.ThreadPoolExecutor.runWorker(ThreadPoolExecutor.java:1144)
	at java.base/java.util.concurrent.ThreadPoolExecutor$Worker.run(ThreadPoolExecutor.java:642)
	at java.base/java.lang.Thread.run(Thread.java:1583)
... Removed 18 stack frames
</div> <!-- stack-trace -->
                </div> <!-- method-content -->
              </div> <!-- method -->
              <div class="method">
                <div class="method-content">
                  <a name="checkoutShowsCorrectConfirmationMessage">
                  </a> <!-- checkoutShowsCorrectConfirmationMessage -->
                  <span class="method-name">checkoutShowsCorrectConfirmationMessage</span>
                  <div class="stack-trace">org.openqa.selenium.NoSuchElementException: no such element: Unable to locate element: {&quot;method&quot;:&quot;css selector&quot;,&quot;selector&quot;:&quot;#finish&quot;}
  (Session info: chrome=140.0.7339.80)
For documentation on this error, please visit: https://www.selenium.dev/documentation/webdriver/troubleshooting/errors#no-such-element-exception
Build info: version: &apos;4.22.0&apos;, revision: &apos;c5f3146703*&apos;
System info: os.name: &apos;Windows 11&apos;, os.arch: &apos;amd64&apos;, os.version: &apos;10.0&apos;, java.version: &apos;21.0.8&apos;
Driver info: org.openqa.selenium.chrome.ChromeDriver
Command: [1511127bd8c9495c55cd9e4d34079967, findElement {value=finish, using=id}]
Capabilities {acceptInsecureCerts: false, browserName: chrome, browserVersion: 140.0.7339.80, chrome: {chromedriverVersion: 140.0.7339.80 (670b6f192f46..., userDataDir: C:\Users\SHIVAN~1\AppData\L...}, fedcm:accounts: true, goog:chromeOptions: {debuggerAddress: localhost:63679}, networkConnectionEnabled: false, pageLoadStrategy: normal, platformName: windows, proxy: Proxy(), se:cdp: ws://localhost:63679/devtoo..., se:cdpVersion: 140.0.7339.80, setWindowRect: true, strictFileInteractability: false, timeouts: {implicit: 0, pageLoad: 300000, script: 30000}, unhandledPromptBehavior: dismiss and notify, webauthn:extension:credBlob: true, webauthn:extension:largeBlob: true, webauthn:extension:minPinLength: true, webauthn:extension:prf: true, webauthn:virtualAuthenticators: true}
Session ID: 1511127bd8c9495c55cd9e4d34079967
	at org.openqa.selenium.remote.ErrorCodec.decode(ErrorCodec.java:167)
	at org.openqa.selenium.remote.codec.w3c.W3CHttpResponseCodec.decode(W3CHttpResponseCodec.java:138)
	at org.openqa.selenium.remote.codec.w3c.W3CHttpResponseCodec.decode(W3CHttpResponseCodec.java:50)
	at org.openqa.selenium.remote.HttpCommandExecutor.execute(HttpCommandExecutor.java:190)
	at org.openqa.selenium.remote.service.DriverCommandExecutor.invokeExecute(DriverCommandExecutor.java:216)
	at org.openqa.selenium.remote.service.DriverCommandExecutor.execute(DriverCommandExecutor.java:174)
	at org.openqa.selenium.remote.RemoteWebDriver.execute(RemoteWebDriver.java:518)
	at org.openqa.selenium.remote.ElementLocation$ElementFinder$2.findElement(ElementLocation.java:165)
	at org.openqa.selenium.remote.ElementLocation.findElement(ElementLocation.java:59)
	at org.openqa.selenium.remote.RemoteWebDriver.findElement(RemoteWebDriver.java:355)
	at org.openqa.selenium.remote.RemoteWebDriver.findElement(RemoteWebDriver.java:349)
	at com.saucedemo.pages.CheckoutPage.finishCheckout(CheckoutPage.java:130)
	at com.saucedemo.tests.TestCheckoutPage.checkoutShowsCorrectConfirmationMessage(TestCheckoutPage.java:159)
	at java.base/java.util.ArrayList.forEach(ArrayList.java:1596)
	at java.base/java.util.concurrent.FutureTask.run(FutureTask.java:317)
	at java.base/java.util.concurrent.ThreadPoolExecutor.runWorker(ThreadPoolExecutor.java:1144)
	at java.base/java.util.concurrent.ThreadPoolExecutor$Worker.run(ThreadPoolExecutor.java:642)
	at java.base/java.lang.Thread.run(Thread.java:1583)
... Removed 18 stack frames
</div> <!-- stack-trace -->
                </div> <!-- method-content -->
              </div> <!-- method -->
              <div class="method">
                <div class="method-content">
                  <a name="completeCheckoutFlow">
                  </a> <!-- completeCheckoutFlow -->
                  <span class="method-name">completeCheckoutFlow</span>
                  <div class="stack-trace">org.openqa.selenium.NoSuchElementException: no such element: Unable to locate element: {&quot;method&quot;:&quot;css selector&quot;,&quot;selector&quot;:&quot;#finish&quot;}
  (Session info: chrome=140.0.7339.80)
For documentation on this error, please visit: https://www.selenium.dev/documentation/webdriver/troubleshooting/errors#no-such-element-exception
Build info: version: &apos;4.22.0&apos;, revision: &apos;c5f3146703*&apos;
System info: os.name: &apos;Windows 11&apos;, os.arch: &apos;amd64&apos;, os.version: &apos;10.0&apos;, java.version: &apos;21.0.8&apos;
Driver info: org.openqa.selenium.chrome.ChromeDriver
Command: [44722fb60e04cc496ebc90a770d0cca7, findElement {value=finish, using=id}]
Capabilities {acceptInsecureCerts: false, browserName: chrome, browserVersion: 140.0.7339.80, chrome: {chromedriverVersion: 140.0.7339.80 (670b6f192f46..., userDataDir: C:\Users\SHIVAN~1\AppData\L...}, fedcm:accounts: true, goog:chromeOptions: {debuggerAddress: localhost:56465}, networkConnectionEnabled: false, pageLoadStrategy: normal, platformName: windows, proxy: Proxy(), se:cdp: ws://localhost:56465/devtoo..., se:cdpVersion: 140.0.7339.80, setWindowRect: true, strictFileInteractability: false, timeouts: {implicit: 0, pageLoad: 300000, script: 30000}, unhandledPromptBehavior: dismiss and notify, webauthn:extension:credBlob: true, webauthn:extension:largeBlob: true, webauthn:extension:minPinLength: true, webauthn:extension:prf: true, webauthn:virtualAuthenticators: true}
Session ID: 44722fb60e04cc496ebc90a770d0cca7
	at org.openqa.selenium.remote.ErrorCodec.decode(ErrorCodec.java:167)
	at org.openqa.selenium.remote.codec.w3c.W3CHttpResponseCodec.decode(W3CHttpResponseCodec.java:138)
	at org.openqa.selenium.remote.codec.w3c.W3CHttpResponseCodec.decode(W3CHttpResponseCodec.java:50)
	at org.openqa.selenium.remote.HttpCommandExecutor.execute(HttpCommandExecutor.java:190)
	at org.openqa.selenium.remote.service.DriverCommandExecutor.invokeExecute(DriverCommandExecutor.java:216)
	at org.openqa.selenium.remote.service.DriverCommandExecutor.execute(DriverCommandExecutor.java:174)
	at org.openqa.selenium.remote.RemoteWebDriver.execute(RemoteWebDriver.java:518)
	at org.openqa.selenium.remote.ElementLocation$ElementFinder$2.findElement(ElementLocation.java:165)
	at org.openqa.selenium.remote.ElementLocation.findElement(ElementLocation.java:59)
	at org.openqa.selenium.remote.RemoteWebDriver.findElement(RemoteWebDriver.java:355)
	at org.openqa.selenium.remote.RemoteWebDriver.findElement(RemoteWebDriver.java:349)
	at com.saucedemo.pages.CheckoutPage.finishCheckout(CheckoutPage.java:130)
	at com.saucedemo.tests.TestCheckoutPage.completeCheckoutFlow(TestCheckoutPage.java:101)
	at java.base/java.util.ArrayList.forEach(ArrayList.java:1596)
	at java.base/java.util.concurrent.FutureTask.run(FutureTask.java:317)
	at java.base/java.util.concurrent.ThreadPoolExecutor.runWorker(ThreadPoolExecutor.java:1144)
	at java.base/java.util.concurrent.ThreadPoolExecutor$Worker.run(ThreadPoolExecutor.java:642)
	at java.base/java.lang.Thread.run(Thread.java:1583)
... Removed 18 stack frames
</div> <!-- stack-trace -->
                </div> <!-- method-content -->
              </div> <!-- method -->
            </div> <!-- main-panel-content rounded-window-bottom -->
          </div> <!-- suite-SauceDemo_Test_Suite-class-failed -->
          <div class="suite-SauceDemo_Test_Suite-class-passed">
            <div class="main-panel-header rounded-window-top">
              <img src="passed.png"/>
              <span class="class-name">com.saucedemo.tests.TestSortingProductPage</span>
            </div> <!-- main-panel-header rounded-window-top -->
            <div class="main-panel-content rounded-window-bottom">
              <div class="method">
                <div class="method-content">
                  <a name="sortByNameAtoZ">
                  </a> <!-- sortByNameAtoZ -->
                  <span class="method-name">sortByNameAtoZ</span>
                </div> <!-- method-content -->
              </div> <!-- method -->
              <div class="method">
                <div class="method-content">
                  <a name="sortByNameZtoA">
                  </a> <!-- sortByNameZtoA -->
                  <span class="method-name">sortByNameZtoA</span>
                </div> <!-- method-content -->
              </div> <!-- method -->
              <div class="method">
                <div class="method-content">
                  <a name="sortByPriceHighToLow">
                  </a> <!-- sortByPriceHighToLow -->
                  <span class="method-name">sortByPriceHighToLow</span>
                </div> <!-- method-content -->
              </div> <!-- method -->
              <div class="method">
                <div class="method-content">
                  <a name="sortByPriceLowToHigh">
                  </a> <!-- sortByPriceLowToHigh -->
                  <span class="method-name">sortByPriceLowToHigh</span>
                </div> <!-- method-content -->
              </div> <!-- method -->
            </div> <!-- main-panel-content rounded-window-bottom -->
          </div> <!-- suite-SauceDemo_Test_Suite-class-passed -->
          <div class="suite-SauceDemo_Test_Suite-class-passed">
            <div class="main-panel-header rounded-window-top">
              <img src="passed.png"/>
              <span class="class-name">com.saucedemo.tests.TestCheckoutPage</span>
            </div> <!-- main-panel-header rounded-window-top -->
            <div class="main-panel-content rounded-window-bottom">
              <div class="method">
                <div class="method-content">
                  <a name="cancelCheckoutShouldReturnToCart">
                  </a> <!-- cancelCheckoutShouldReturnToCart -->
                  <span class="method-name">cancelCheckoutShouldReturnToCart</span>
                </div> <!-- method-content -->
              </div> <!-- method -->
              <div class="method">
                <div class="method-content">
                  <a name="cannotCheckoutWithEmptyCart">
                  </a> <!-- cannotCheckoutWithEmptyCart -->
                  <span class="method-name">cannotCheckoutWithEmptyCart</span>
                </div> <!-- method-content -->
              </div> <!-- method -->
            </div> <!-- main-panel-content rounded-window-bottom -->
          </div> <!-- suite-SauceDemo_Test_Suite-class-passed -->
          <div class="suite-SauceDemo_Test_Suite-class-passed">
            <div class="main-panel-header rounded-window-top">
              <img src="passed.png"/>
              <span class="class-name">com.saucedemo.tests.TestCartBadgeCountValidationPage</span>
            </div> <!-- main-panel-header rounded-window-top -->
            <div class="main-panel-content rounded-window-bottom">
              <div class="method">
                <div class="method-content">
                  <a name="badgeDoesNotIncrementForSameItem">
                  </a> <!-- badgeDoesNotIncrementForSameItem -->
                  <span class="method-name">badgeDoesNotIncrementForSameItem</span>
                </div> <!-- method-content -->
              </div> <!-- method -->
              <div class="method">
                <div class="method-content">
                  <a name="badgeIncrementsWhenAddingItems">
                  </a> <!-- badgeIncrementsWhenAddingItems -->
                  <span class="method-name">badgeIncrementsWhenAddingItems</span>
                </div> <!-- method-content -->
              </div> <!-- method -->
              <div class="method">
                <div class="method-content">
                  <a name="badgeShowsTwoWhenAddingTwoItems">
                  </a> <!-- badgeShowsTwoWhenAddingTwoItems -->
                  <span class="method-name">badgeShowsTwoWhenAddingTwoItems</span>
                </div> <!-- method-content -->
              </div> <!-- method -->
              <div class="method">
                <div class="method-content">
                  <a name="badgeShowsZeroWhenNoItemsAdded">
                  </a> <!-- badgeShowsZeroWhenNoItemsAdded -->
                  <span class="method-name">badgeShowsZeroWhenNoItemsAdded</span>
                </div> <!-- method-content -->
              </div> <!-- method -->
              <div class="method">
                <div class="method-content">
                  <a name="badgeUpdatesAfterRemovingItem">
                  </a> <!-- badgeUpdatesAfterRemovingItem -->
                  <span class="method-name">badgeUpdatesAfterRemovingItem</span>
                </div> <!-- method-content -->
              </div> <!-- method -->
            </div> <!-- main-panel-content rounded-window-bottom -->
          </div> <!-- suite-SauceDemo_Test_Suite-class-passed -->
          <div class="suite-SauceDemo_Test_Suite-class-passed">
            <div class="main-panel-header rounded-window-top">
              <img src="passed.png"/>
              <span class="class-name">com.saucedemo.tests.TestLogoutPage</span>
            </div> <!-- main-panel-header rounded-window-top -->
            <div class="main-panel-content rounded-window-bottom">
              <div class="method">
                <div class="method-content">
                  <a name="logoutWorks">
                  </a> <!-- logoutWorks -->
                  <span class="method-name">logoutWorks</span>
                </div> <!-- method-content -->
              </div> <!-- method -->
            </div> <!-- main-panel-content rounded-window-bottom -->
          </div> <!-- suite-SauceDemo_Test_Suite-class-passed -->
          <div class="suite-SauceDemo_Test_Suite-class-passed">
            <div class="main-panel-header rounded-window-top">
              <img src="passed.png"/>
              <span class="class-name">com.saucedemo.tests.LoginPageTest</span>
            </div> <!-- main-panel-header rounded-window-top -->
            <div class="main-panel-content rounded-window-bottom">
              <div class="method">
                <div class="method-content">
                  <a name="ErrorUservalidLogin">
                  </a> <!-- ErrorUservalidLogin -->
                  <span class="method-name">ErrorUservalidLogin</span>
                </div> <!-- method-content -->
              </div> <!-- method -->
              <div class="method">
                <div class="method-content">
                  <a name="PerformanceglitchuservalidLogin">
                  </a> <!-- PerformanceglitchuservalidLogin -->
                  <span class="method-name">PerformanceglitchuservalidLogin</span>
                </div> <!-- method-content -->
              </div> <!-- method -->
              <div class="method">
                <div class="method-content">
                  <a name="Problem_uservalidLogin">
                  </a> <!-- Problem_uservalidLogin -->
                  <span class="method-name">Problem_uservalidLogin</span>
                </div> <!-- method-content -->
              </div> <!-- method -->
              <div class="method">
                <div class="method-content">
                  <a name="VisualuservalidLogin">
                  </a> <!-- VisualuservalidLogin -->
                  <span class="method-name">VisualuservalidLogin</span>
                </div> <!-- method-content -->
              </div> <!-- method -->
              <div class="method">
                <div class="method-content">
                  <a name="bothFieldsEmptyShowsUsernameRequiredError">
                  </a> <!-- bothFieldsEmptyShowsUsernameRequiredError -->
                  <span class="method-name">bothFieldsEmptyShowsUsernameRequiredError</span>
                </div> <!-- method-content -->
              </div> <!-- method -->
              <div class="method">
                <div class="method-content">
                  <a name="invalidUserShowsError">
                  </a> <!-- invalidUserShowsError -->
                  <span class="method-name">invalidUserShowsError</span>
                </div> <!-- method-content -->
              </div> <!-- method -->
              <div class="method">
                <div class="method-content">
                  <a name="lockedOutUserShowsError">
                  </a> <!-- lockedOutUserShowsError -->
                  <span class="method-name">lockedOutUserShowsError</span>
                </div> <!-- method-content -->
              </div> <!-- method -->
              <div class="method">
                <div class="method-content">
                  <a name="passwordRequiredErrorDisplayed">
                  </a> <!-- passwordRequiredErrorDisplayed -->
                  <span class="method-name">passwordRequiredErrorDisplayed</span>
                </div> <!-- method-content -->
              </div> <!-- method -->
              <div class="method">
                <div class="method-content">
                  <a name="usernameRequiredErrorDisplayed">
                  </a> <!-- usernameRequiredErrorDisplayed -->
                  <span class="method-name">usernameRequiredErrorDisplayed</span>
                </div> <!-- method-content -->
              </div> <!-- method -->
              <div class="method">
                <div class="method-content">
                  <a name="validLogin">
                  </a> <!-- validLogin -->
                  <span class="method-name">validLogin</span>
                </div> <!-- method-content -->
              </div> <!-- method -->
            </div> <!-- main-panel-content rounded-window-bottom -->
          </div> <!-- suite-SauceDemo_Test_Suite-class-passed -->
          <div class="suite-SauceDemo_Test_Suite-class-passed">
            <div class="main-panel-header rounded-window-top">
              <img src="passed.png"/>
              <span class="class-name">com.saucedemo.tests.TestAddToCartPage</span>
            </div> <!-- main-panel-header rounded-window-top -->
            <div class="main-panel-content rounded-window-bottom">
              <div class="method">
                <div class="method-content">
                  <a name="addItemUpdatesCartBadge">
                  </a> <!-- addItemUpdatesCartBadge -->
                  <span class="method-name">addItemUpdatesCartBadge</span>
                </div> <!-- method-content -->
              </div> <!-- method -->
              <div class="method">
                <div class="method-content">
                  <a name="addToCartButtonChangesToRemove">
                  </a> <!-- addToCartButtonChangesToRemove -->
                  <span class="method-name">addToCartButtonChangesToRemove</span>
                </div> <!-- method-content -->
              </div> <!-- method -->
              <div class="method">
                <div class="method-content">
                  <a name="cartBadgeAccumulatesItems">
                  </a> <!-- cartBadgeAccumulatesItems -->
                  <span class="method-name">cartBadgeAccumulatesItems</span>
                </div> <!-- method-content -->
              </div> <!-- method -->
              <div class="method">
                <div class="method-content">
                  <a name="cartBadgeNotVisibleWhenEmpty">
                  </a> <!-- cartBadgeNotVisibleWhenEmpty -->
                  <span class="method-name">cartBadgeNotVisibleWhenEmpty</span>
                </div> <!-- method-content -->
              </div> <!-- method -->
              <div class="method">
                <div class="method-content">
                  <a name="cartLinkNavigatesToCartPage">
                  </a> <!-- cartLinkNavigatesToCartPage -->
                  <span class="method-name">cartLinkNavigatesToCartPage</span>
                </div> <!-- method-content -->
              </div> <!-- method -->
              <div class="method">
                <div class="method-content">
                  <a name="removeItemUpdatesCartBadgeToZero">
                  </a> <!-- removeItemUpdatesCartBadgeToZero -->
                  <span class="method-name">removeItemUpdatesCartBadgeToZero</span>
                </div> <!-- method-content -->
              </div> <!-- method -->
            </div> <!-- main-panel-content rounded-window-bottom -->
          </div> <!-- suite-SauceDemo_Test_Suite-class-passed -->
        </div> <!-- panel SauceDemo_Test_Suite -->
        <div panel-name="test-xml-SauceDemo_Test_Suite" class="panel">
          <div class="main-panel-header rounded-window-top">
            <span class="header-content">D:\SauceDemo_Automation\SauceDemoAutomation\testng.xml</span>
          </div> <!-- main-panel-header rounded-window-top -->
          <div class="main-panel-content rounded-window-bottom">
            <pre>
&lt;?xml version=&quot;1.0&quot; encoding=&quot;UTF-8&quot;?&gt;
&lt;!DOCTYPE suite SYSTEM &quot;https://testng.org/testng-1.0.dtd&quot;&gt;
&lt;suite thread-count=&quot;2&quot; parallel=&quot;tests&quot; name=&quot;SauceDemo Test Suite&quot; verbose=&quot;0&quot;&gt;
  &lt;test thread-count=&quot;2&quot; parallel=&quot;tests&quot; name=&quot;UI Tests&quot; verbose=&quot;0&quot;&gt;
    &lt;classes&gt;
      &lt;class name=&quot;com.saucedemo.tests.BaseTest&quot;/&gt;
      &lt;class name=&quot;com.saucedemo.tests.LoginPageTest&quot;/&gt;
      &lt;class name=&quot;com.saucedemo.tests.TestHomePage&quot;/&gt;
      &lt;class name=&quot;com.saucedemo.tests.TestAddToCartPage&quot;/&gt;
      &lt;class name=&quot;com.saucedemo.tests.TestCheckoutPage&quot;/&gt;
      &lt;class name=&quot;com.saucedemo.tests.TestSortingProductPage&quot;/&gt;
      &lt;class name=&quot;com.saucedemo.tests.TestLogoutPage&quot;/&gt;
      &lt;class name=&quot;com.saucedemo.tests.TestCartBadgeCountValidationPage&quot;/&gt;
    &lt;/classes&gt;
  &lt;/test&gt; &lt;!-- UI Tests --&gt;
&lt;/suite&gt; &lt;!-- SauceDemo Test Suite --&gt;
            </pre>
          </div> <!-- main-panel-content rounded-window-bottom -->
        </div> <!-- panel -->
        <div panel-name="testlist-SauceDemo_Test_Suite" class="panel">
          <div class="main-panel-header rounded-window-top">
            <span class="header-content">Tests for SauceDemo Test Suite</span>
          </div> <!-- main-panel-header rounded-window-top -->
          <div class="main-panel-content rounded-window-bottom">
            <ul>
              <li>
                <span class="test-name">UI Tests (8 classes)</span>
              </li>
            </ul>
          </div> <!-- main-panel-content rounded-window-bottom -->
        </div> <!-- panel -->
        <div panel-name="group-SauceDemo_Test_Suite" class="panel">
          <div class="main-panel-header rounded-window-top">
            <span class="header-content">Groups for SauceDemo Test Suite</span>
          </div> <!-- main-panel-header rounded-window-top -->
          <div class="main-panel-content rounded-window-bottom">
          </div> <!-- main-panel-content rounded-window-bottom -->
        </div> <!-- panel -->
        <div panel-name="times-SauceDemo_Test_Suite" class="panel">
          <div class="main-panel-header rounded-window-top">
            <span class="header-content">Times for SauceDemo Test Suite</span>
          </div> <!-- main-panel-header rounded-window-top -->
          <div class="main-panel-content rounded-window-bottom">
            <div class="times-div">
              <script type="text/javascript">
suiteTableInitFunctions.push('tableData_SauceDemo_Test_Suite');
function tableData_SauceDemo_Test_Suite() {
var data = new google.visualization.DataTable();
data.addColumn('number', 'Number');
data.addColumn('string', 'Method');
data.addColumn('string', 'Class');
data.addColumn('number', 'Time (ms)');
data.addRows(31);
data.setCell(0, 0, 0)
data.setCell(0, 1, 'PerformanceglitchuservalidLogin')
data.setCell(0, 2, 'com.saucedemo.tests.LoginPageTest')
data.setCell(0, 3, 12599);
data.setCell(1, 0, 1)
data.setCell(1, 1, 'cannotCheckoutWithEmptyCart')
data.setCell(1, 2, 'com.saucedemo.tests.TestCheckoutPage')
data.setCell(1, 3, 10498);
data.setCell(2, 0, 2)
data.setCell(2, 1, 'completeCheckoutFlow')
data.setCell(2, 2, 'com.saucedemo.tests.TestCheckoutPage')
data.setCell(2, 3, 6484);
data.setCell(3, 0, 3)
data.setCell(3, 1, 'checkoutFailsWhenMissingFirstName')
data.setCell(3, 2, 'com.saucedemo.tests.TestCheckoutPage')
data.setCell(3, 3, 5248);
data.setCell(4, 0, 4)
data.setCell(4, 1, 'checkoutShowsCorrectConfirmationMessage')
data.setCell(4, 2, 'com.saucedemo.tests.TestCheckoutPage')
data.setCell(4, 3, 5142);
data.setCell(5, 0, 5)
data.setCell(5, 1, 'logoutWorks')
data.setCell(5, 2, 'com.saucedemo.tests.TestLogoutPage')
data.setCell(5, 3, 4922);
data.setCell(6, 0, 6)
data.setCell(6, 1, 'sortByPriceLowToHigh')
data.setCell(6, 2, 'com.saucedemo.tests.TestSortingProductPage')
data.setCell(6, 3, 4432);
data.setCell(7, 0, 7)
data.setCell(7, 1, 'ErrorUservalidLogin')
data.setCell(7, 2, 'com.saucedemo.tests.LoginPageTest')
data.setCell(7, 3, 4324);
data.setCell(8, 0, 8)
data.setCell(8, 1, 'Problem_uservalidLogin')
data.setCell(8, 2, 'com.saucedemo.tests.LoginPageTest')
data.setCell(8, 3, 4105);
data.setCell(9, 0, 9)
data.setCell(9, 1, 'sortByNameZtoA')
data.setCell(9, 2, 'com.saucedemo.tests.TestSortingProductPage')
data.setCell(9, 3, 3976);
data.setCell(10, 0, 10)
data.setCell(10, 1, 'sortByNameAtoZ')
data.setCell(10, 2, 'com.saucedemo.tests.TestSortingProductPage')
data.setCell(10, 3, 3878);
data.setCell(11, 0, 11)
data.setCell(11, 1, 'bothFieldsEmptyShowsUsernameRequiredError')
data.setCell(11, 2, 'com.saucedemo.tests.LoginPageTest')
data.setCell(11, 3, 3383);
data.setCell(12, 0, 12)
data.setCell(12, 1, 'sortByPriceHighToLow')
data.setCell(12, 2, 'com.saucedemo.tests.TestSortingProductPage')
data.setCell(12, 3, 3359);
data.setCell(13, 0, 13)
data.setCell(13, 1, 'cancelCheckoutShouldReturnToCart')
data.setCell(13, 2, 'com.saucedemo.tests.TestCheckoutPage')
data.setCell(13, 3, 3149);
data.setCell(14, 0, 14)
data.setCell(14, 1, 'VisualuservalidLogin')
data.setCell(14, 2, 'com.saucedemo.tests.LoginPageTest')
data.setCell(14, 3, 2579);
data.setCell(15, 0, 15)
data.setCell(15, 1, 'validLogin')
data.setCell(15, 2, 'com.saucedemo.tests.LoginPageTest')
data.setCell(15, 3, 2511);
data.setCell(16, 0, 16)
data.setCell(16, 1, 'lockedOutUserShowsError')
data.setCell(16, 2, 'com.saucedemo.tests.LoginPageTest')
data.setCell(16, 3, 2087);
data.setCell(17, 0, 17)
data.setCell(17, 1, 'invalidUserShowsError')
data.setCell(17, 2, 'com.saucedemo.tests.LoginPageTest')
data.setCell(17, 3, 1852);
data.setCell(18, 0, 18)
data.setCell(18, 1, 'passwordRequiredErrorDisplayed')
data.setCell(18, 2, 'com.saucedemo.tests.LoginPageTest')
data.setCell(18, 3, 1787);
data.setCell(19, 0, 19)
data.setCell(19, 1, 'usernameRequiredErrorDisplayed')
data.setCell(19, 2, 'com.saucedemo.tests.LoginPageTest')
data.setCell(19, 3, 1661);
data.setCell(20, 0, 20)
data.setCell(20, 1, 'badgeUpdatesAfterRemovingItem')
data.setCell(20, 2, 'com.saucedemo.tests.TestCartBadgeCountValidationPage')
data.setCell(20, 3, 724);
data.setCell(21, 0, 21)
data.setCell(21, 1, 'badgeIncrementsWhenAddingItems')
data.setCell(21, 2, 'com.saucedemo.tests.TestCartBadgeCountValidationPage')
data.setCell(21, 3, 654);
data.setCell(22, 0, 22)
data.setCell(22, 1, 'badgeShowsTwoWhenAddingTwoItems')
data.setCell(22, 2, 'com.saucedemo.tests.TestCartBadgeCountValidationPage')
data.setCell(22, 3, 485);
data.setCell(23, 0, 23)
data.setCell(23, 1, 'removeItemUpdatesCartBadgeToZero')
data.setCell(23, 2, 'com.saucedemo.tests.TestAddToCartPage')
data.setCell(23, 3, 242);
data.setCell(24, 0, 24)
data.setCell(24, 1, 'badgeDoesNotIncrementForSameItem')
data.setCell(24, 2, 'com.saucedemo.tests.TestCartBadgeCountValidationPage')
data.setCell(24, 3, 235);
data.setCell(25, 0, 25)
data.setCell(25, 1, 'cartBadgeAccumulatesItems')
data.setCell(25, 2, 'com.saucedemo.tests.TestAddToCartPage')
data.setCell(25, 3, 226);
data.setCell(26, 0, 26)
data.setCell(26, 1, 'cartLinkNavigatesToCartPage')
data.setCell(26, 2, 'com.saucedemo.tests.TestAddToCartPage')
data.setCell(26, 3, 170);
data.setCell(27, 0, 27)
data.setCell(27, 1, 'addItemUpdatesCartBadge')
data.setCell(27, 2, 'com.saucedemo.tests.TestAddToCartPage')
data.setCell(27, 3, 163);
data.setCell(28, 0, 28)
data.setCell(28, 1, 'addToCartButtonChangesToRemove')
data.setCell(28, 2, 'com.saucedemo.tests.TestAddToCartPage')
data.setCell(28, 3, 159);
data.setCell(29, 0, 29)
data.setCell(29, 1, 'badgeShowsZeroWhenNoItemsAdded')
data.setCell(29, 2, 'com.saucedemo.tests.TestCartBadgeCountValidationPage')
data.setCell(29, 3, 33);
data.setCell(30, 0, 30)
data.setCell(30, 1, 'cartBadgeNotVisibleWhenEmpty')
data.setCell(30, 2, 'com.saucedemo.tests.TestAddToCartPage')
data.setCell(30, 3, 22);
window.suiteTableData['SauceDemo_Test_Suite']= { tableData: data, tableDiv: 'times-div-SauceDemo_Test_Suite'}
return data;
}
              </script>
              <span class="suite-total-time">Total running time: 3 minutes</span>
              <div id="times-div-SauceDemo_Test_Suite">
              </div> <!-- times-div-SauceDemo_Test_Suite -->
            </div> <!-- times-div -->
          </div> <!-- main-panel-content rounded-window-bottom -->
        </div> <!-- panel -->
        <div panel-name="reporter-SauceDemo_Test_Suite" class="panel">
          <div class="main-panel-header rounded-window-top">
            <span class="header-content">Reporter output for SauceDemo Test Suite</span>
          </div> <!-- main-panel-header rounded-window-top -->
          <div class="main-panel-content rounded-window-bottom">
          </div> <!-- main-panel-content rounded-window-bottom -->
        </div> <!-- panel -->
        <div panel-name="ignored-methods-SauceDemo_Test_Suite" class="panel">
          <div class="main-panel-header rounded-window-top">
            <span class="header-content">14 ignored methods</span>
          </div> <!-- main-panel-header rounded-window-top -->
          <div class="main-panel-content rounded-window-bottom">
            <div class="ignored-class-div">
              <span class="ignored-class-name">com.saucedemo.tests.TestSortingProductPage</span>
              <div class="ignored-methods-div">
                <span class="ignored-method-name">afterSuite</span>
                <br/>
                <span class="ignored-method-name">beforeSuite</span>
                <br/>
              </div> <!-- ignored-methods-div -->
            </div> <!-- ignored-class-div -->
            <div class="ignored-class-div">
              <span class="ignored-class-name">com.saucedemo.tests.TestCheckoutPage</span>
              <div class="ignored-methods-div">
                <span class="ignored-method-name">beforeSuite</span>
                <br/>
                <span class="ignored-method-name">afterSuite</span>
                <br/>
              </div> <!-- ignored-methods-div -->
            </div> <!-- ignored-class-div -->
            <div class="ignored-class-div">
              <span class="ignored-class-name">com.saucedemo.tests.TestHomePage</span>
              <div class="ignored-methods-div">
                <span class="ignored-method-name">beforeSuite</span>
                <br/>
                <span class="ignored-method-name">afterSuite</span>
                <br/>
              </div> <!-- ignored-methods-div -->
            </div> <!-- ignored-class-div -->
            <div class="ignored-class-div">
              <span class="ignored-class-name">com.saucedemo.tests.TestCartBadgeCountValidationPage</span>
              <div class="ignored-methods-div">
                <span class="ignored-method-name">beforeSuite</span>
                <br/>
                <span class="ignored-method-name">afterSuite</span>
                <br/>
              </div> <!-- ignored-methods-div -->
            </div> <!-- ignored-class-div -->
            <div class="ignored-class-div">
              <span class="ignored-class-name">com.saucedemo.tests.TestLogoutPage</span>
              <div class="ignored-methods-div">
                <span class="ignored-method-name">beforeSuite</span>
                <br/>
                <span class="ignored-method-name">afterSuite</span>
                <br/>
              </div> <!-- ignored-methods-div -->
            </div> <!-- ignored-class-div -->
            <div class="ignored-class-div">
              <span class="ignored-class-name">com.saucedemo.tests.LoginPageTest</span>
              <div class="ignored-methods-div">
                <span class="ignored-method-name">beforeSuite</span>
                <br/>
                <span class="ignored-method-name">afterSuite</span>
                <br/>
              </div> <!-- ignored-methods-div -->
            </div> <!-- ignored-class-div -->
            <div class="ignored-class-div">
              <span class="ignored-class-name">com.saucedemo.tests.TestAddToCartPage</span>
              <div class="ignored-methods-div">
                <span class="ignored-method-name">afterSuite</span>
                <br/>
                <span class="ignored-method-name">beforeSuite</span>
                <br/>
              </div> <!-- ignored-methods-div -->
            </div> <!-- ignored-class-div -->
          </div> <!-- main-panel-content rounded-window-bottom -->
        </div> <!-- panel -->
        <div panel-name="chronological-SauceDemo_Test_Suite" class="panel">
          <div class="main-panel-header rounded-window-top">
            <span class="header-content">Methods in chronological order</span>
          </div> <!-- main-panel-header rounded-window-top -->
          <div class="main-panel-content rounded-window-bottom">
            <div class="chronological-class">
              <div class="chronological-class-name">com.saucedemo.tests.BaseTest</div> <!-- chronological-class-name -->
              <div class="configuration-suite before">
                <span class="method-name">beforeSuite</span>
                <span class="method-start">0 ms</span>
              </div> <!-- configuration-suite before -->
            </div> <!-- chronological-class -->
            <div class="chronological-class">
              <div class="chronological-class-name">com.saucedemo.tests.LoginPageTest</div> <!-- chronological-class-name -->
              <div class="configuration-method before">
                <span class="method-name">setUp(chrome, [])</span>
                <span class="method-start">337 ms</span>
              </div> <!-- configuration-method before -->
              <div class="test-method">
                <span class="method-name">ErrorUservalidLogin</span>
                <span class="method-start">2305 ms</span>
              </div> <!-- test-method -->
              <div class="configuration-method after">
                <span class="method-name">tearDown([TestResult name=ErrorUservalidLogin status=SUCCESS method=LoginPageTest.ErrorUservalidLogin()[pri:0...)</span>
                <span class="method-start">6631 ms</span>
              </div> <!-- configuration-method after -->
              <div class="configuration-method before">
                <span class="method-name">setUp(chrome, [])</span>
                <span class="method-start">7107 ms</span>
              </div> <!-- configuration-method before -->
              <div class="test-method">
                <span class="method-name">PerformanceglitchuservalidLogin</span>
                <span class="method-start">8157 ms</span>
              </div> <!-- test-method -->
              <div class="configuration-method after">
                <span class="method-name">tearDown([TestResult name=PerformanceglitchuservalidLogin status=SUCCESS method=LoginPageTest.Performanceglit...)</span>
                <span class="method-start">20757 ms</span>
              </div> <!-- configuration-method after -->
              <div class="configuration-method before">
                <span class="method-name">setUp(chrome, [])</span>
                <span class="method-start">21407 ms</span>
              </div> <!-- configuration-method before -->
              <div class="test-method">
                <span class="method-name">Problem_uservalidLogin</span>
                <span class="method-start">22342 ms</span>
              </div> <!-- test-method -->
              <div class="configuration-method after">
                <span class="method-name">tearDown([TestResult name=Problem_uservalidLogin status=SUCCESS method=LoginPageTest.Problem_uservalidLogin()...)</span>
                <span class="method-start">26447 ms</span>
              </div> <!-- configuration-method after -->
              <div class="configuration-method before">
                <span class="method-name">setUp(chrome, [])</span>
                <span class="method-start">26925 ms</span>
              </div> <!-- configuration-method before -->
              <div class="test-method">
                <span class="method-name">VisualuservalidLogin</span>
                <span class="method-start">27832 ms</span>
              </div> <!-- test-method -->
              <div class="configuration-method after">
                <span class="method-name">tearDown([TestResult name=VisualuservalidLogin status=SUCCESS method=LoginPageTest.VisualuservalidLogin()[pri...)</span>
                <span class="method-start">30412 ms</span>
              </div> <!-- configuration-method after -->
              <div class="configuration-method before">
                <span class="method-name">setUp(chrome, [])</span>
                <span class="method-start">30909 ms</span>
              </div> <!-- configuration-method before -->
              <div class="test-method">
                <span class="method-name">bothFieldsEmptyShowsUsernameRequiredError</span>
                <span class="method-start">31923 ms</span>
              </div> <!-- test-method -->
              <div class="configuration-method after">
                <span class="method-name">tearDown([TestResult name=bothFieldsEmptyShowsUsernameRequiredError status=SUCCESS method=LoginPageTest.bothF...)</span>
                <span class="method-start">35306 ms</span>
              </div> <!-- configuration-method after -->
              <div class="configuration-method before">
                <span class="method-name">setUp(chrome, [])</span>
                <span class="method-start">35855 ms</span>
              </div> <!-- configuration-method before -->
              <div class="test-method">
                <span class="method-name">invalidUserShowsError</span>
                <span class="method-start">36772 ms</span>
              </div> <!-- test-method -->
              <div class="configuration-method after">
                <span class="method-name">tearDown([TestResult name=invalidUserShowsError status=SUCCESS method=LoginPageTest.invalidUserShowsError()[p...)</span>
                <span class="method-start">38625 ms</span>
              </div> <!-- configuration-method after -->
              <div class="configuration-method before">
                <span class="method-name">setUp(chrome, [])</span>
                <span class="method-start">39203 ms</span>
              </div> <!-- configuration-method before -->
              <div class="test-method">
                <span class="method-name">lockedOutUserShowsError</span>
                <span class="method-start">40224 ms</span>
              </div> <!-- test-method -->
              <div class="configuration-method after">
                <span class="method-name">tearDown([TestResult name=lockedOutUserShowsError status=SUCCESS method=LoginPageTest.lockedOutUserShowsError...)</span>
                <span class="method-start">42312 ms</span>
              </div> <!-- configuration-method after -->
              <div class="configuration-method before">
                <span class="method-name">setUp(chrome, [])</span>
                <span class="method-start">42780 ms</span>
              </div> <!-- configuration-method before -->
              <div class="test-method">
                <span class="method-name">passwordRequiredErrorDisplayed</span>
                <span class="method-start">43751 ms</span>
              </div> <!-- test-method -->
              <div class="configuration-method after">
                <span class="method-name">tearDown([TestResult name=passwordRequiredErrorDisplayed status=SUCCESS method=LoginPageTest.passwordRequired...)</span>
                <span class="method-start">45538 ms</span>
              </div> <!-- configuration-method after -->
              <div class="configuration-method before">
                <span class="method-name">setUp(chrome, [])</span>
                <span class="method-start">46178 ms</span>
              </div> <!-- configuration-method before -->
              <div class="test-method">
                <span class="method-name">usernameRequiredErrorDisplayed</span>
                <span class="method-start">47160 ms</span>
              </div> <!-- test-method -->
              <div class="configuration-method after">
                <span class="method-name">tearDown([TestResult name=usernameRequiredErrorDisplayed status=SUCCESS method=LoginPageTest.usernameRequired...)</span>
                <span class="method-start">48821 ms</span>
              </div> <!-- configuration-method after -->
              <div class="configuration-method before">
                <span class="method-name">setUp(chrome, [])</span>
                <span class="method-start">49452 ms</span>
              </div> <!-- configuration-method before -->
              <div class="test-method">
                <span class="method-name">validLogin</span>
                <span class="method-start">50400 ms</span>
              </div> <!-- test-method -->
              <div class="configuration-method after">
                <span class="method-name">tearDown([TestResult name=validLogin status=SUCCESS method=LoginPageTest.validLogin()[pri:0, instance:com.sau...)</span>
                <span class="method-start">52911 ms</span>
              </div> <!-- configuration-method after -->
            </div> <!-- chronological-class -->
            <div class="chronological-class">
              <div class="chronological-class-name">com.saucedemo.tests.TestAddToCartPage</div> <!-- chronological-class-name -->
              <div class="configuration-method before">
                <span class="method-name">setUp(chrome, [])</span>
                <span class="method-start">53551 ms</span>
              </div> <!-- configuration-method before -->
              <div class="configuration-method before">
                <span class="method-name">loginBeforeEachTest</span>
                <span class="method-start">54500 ms</span>
              </div> <!-- configuration-method before -->
              <div class="test-method">
                <span class="method-name">addItemUpdatesCartBadge</span>
                <span class="method-start">56423 ms</span>
              </div> <!-- test-method -->
              <div class="configuration-method after">
                <span class="method-name">tearDown([TestResult name=addItemUpdatesCartBadge status=SUCCESS method=TestAddToCartPage.addItemUpdatesCartB...)</span>
                <span class="method-start">56587 ms</span>
              </div> <!-- configuration-method after -->
              <div class="configuration-method before">
                <span class="method-name">setUp(chrome, [])</span>
                <span class="method-start">57166 ms</span>
              </div> <!-- configuration-method before -->
              <div class="configuration-method before">
                <span class="method-name">loginBeforeEachTest</span>
                <span class="method-start">58139 ms</span>
              </div> <!-- configuration-method before -->
              <div class="test-method">
                <span class="method-name">addToCartButtonChangesToRemove</span>
                <span class="method-start">60456 ms</span>
              </div> <!-- test-method -->
              <div class="configuration-method after">
                <span class="method-name">tearDown([TestResult name=addToCartButtonChangesToRemove status=SUCCESS method=TestAddToCartPage.addToCartBut...)</span>
                <span class="method-start">60616 ms</span>
              </div> <!-- configuration-method after -->
              <div class="configuration-method before">
                <span class="method-name">setUp(chrome, [])</span>
                <span class="method-start">61107 ms</span>
              </div> <!-- configuration-method before -->
              <div class="configuration-method before">
                <span class="method-name">loginBeforeEachTest</span>
                <span class="method-start">62079 ms</span>
              </div> <!-- configuration-method before -->
              <div class="test-method">
                <span class="method-name">cartBadgeAccumulatesItems</span>
                <span class="method-start">63986 ms</span>
              </div> <!-- test-method -->
              <div class="configuration-method after">
                <span class="method-name">tearDown([TestResult name=cartBadgeAccumulatesItems status=SUCCESS method=TestAddToCartPage.cartBadgeAccumula...)</span>
                <span class="method-start">64213 ms</span>
              </div> <!-- configuration-method after -->
              <div class="configuration-method before">
                <span class="method-name">setUp(chrome, [])</span>
                <span class="method-start">64813 ms</span>
              </div> <!-- configuration-method before -->
              <div class="configuration-method before">
                <span class="method-name">loginBeforeEachTest</span>
                <span class="method-start">65764 ms</span>
              </div> <!-- configuration-method before -->
              <div class="test-method">
                <span class="method-name">cartBadgeNotVisibleWhenEmpty</span>
                <span class="method-start">68309 ms</span>
              </div> <!-- test-method -->
              <div class="configuration-method after">
                <span class="method-name">tearDown([TestResult name=cartBadgeNotVisibleWhenEmpty status=SUCCESS method=TestAddToCartPage.cartBadgeNotVi...)</span>
                <span class="method-start">68332 ms</span>
              </div> <!-- configuration-method after -->
              <div class="configuration-method before">
                <span class="method-name">setUp(chrome, [])</span>
                <span class="method-start">68901 ms</span>
              </div> <!-- configuration-method before -->
              <div class="configuration-method before">
                <span class="method-name">loginBeforeEachTest</span>
                <span class="method-start">69939 ms</span>
              </div> <!-- configuration-method before -->
              <div class="test-method">
                <span class="method-name">cartLinkNavigatesToCartPage</span>
                <span class="method-start">72651 ms</span>
              </div> <!-- test-method -->
              <div class="configuration-method after">
                <span class="method-name">tearDown([TestResult name=cartLinkNavigatesToCartPage status=SUCCESS method=TestAddToCartPage.cartLinkNavigat...)</span>
                <span class="method-start">72821 ms</span>
              </div> <!-- configuration-method after -->
              <div class="configuration-method before">
                <span class="method-name">setUp(chrome, [])</span>
                <span class="method-start">73434 ms</span>
              </div> <!-- configuration-method before -->
              <div class="configuration-method before">
                <span class="method-name">loginBeforeEachTest</span>
                <span class="method-start">74417 ms</span>
              </div> <!-- configuration-method before -->
              <div class="test-method">
                <span class="method-name">removeItemUpdatesCartBadgeToZero</span>
                <span class="method-start">76811 ms</span>
              </div> <!-- test-method -->
              <div class="configuration-method after">
                <span class="method-name">tearDown([TestResult name=removeItemUpdatesCartBadgeToZero status=SUCCESS method=TestAddToCartPage.removeItem...)</span>
                <span class="method-start">77053 ms</span>
              </div> <!-- configuration-method after -->
            </div> <!-- chronological-class -->
            <div class="chronological-class">
              <div class="chronological-class-name">com.saucedemo.tests.TestCheckoutPage</div> <!-- chronological-class-name -->
              <div class="configuration-method before">
                <span class="method-name">setUp(chrome, [])</span>
                <span class="method-start">77653 ms</span>
              </div> <!-- configuration-method before -->
              <div class="test-method">
                <span class="method-name">cancelCheckoutShouldReturnToCart</span>
                <span class="method-start">78855 ms</span>
              </div> <!-- test-method -->
              <div class="configuration-method after">
                <span class="method-name">tearDown([TestResult name=cancelCheckoutShouldReturnToCart status=SUCCESS method=TestCheckoutPage.cancelCheck...)</span>
                <span class="method-start">82005 ms</span>
              </div> <!-- configuration-method after -->
              <div class="configuration-method before">
                <span class="method-name">setUp(chrome, [])</span>
                <span class="method-start">82707 ms</span>
              </div> <!-- configuration-method before -->
              <div class="test-method">
                <span class="method-name">cannotCheckoutWithEmptyCart</span>
                <span class="method-start">83787 ms</span>
              </div> <!-- test-method -->
              <div class="configuration-method after">
                <span class="method-name">tearDown([TestResult name=cannotCheckoutWithEmptyCart status=SUCCESS method=TestCheckoutPage.cannotCheckoutWi...)</span>
                <span class="method-start">94286 ms</span>
              </div> <!-- configuration-method after -->
              <div class="configuration-method before">
                <span class="method-name">setUp(chrome, [])</span>
                <span class="method-start">95880 ms</span>
              </div> <!-- configuration-method before -->
              <div class="test-method">
                <img src="failed.png">
                </img>
                <span class="method-name">checkoutFailsWhenMissingFirstName</span>
                <span class="method-start">98859 ms</span>
              </div> <!-- test-method -->
              <div class="configuration-method after">
                <span class="method-name">tearDown([TestResult name=checkoutFailsWhenMissingFirstName status=FAILURE method=TestCheckoutPage.checkoutFa...)</span>
                <span class="method-start">104118 ms</span>
              </div> <!-- configuration-method after -->
              <div class="configuration-method before">
                <span class="method-name">setUp(chrome, [])</span>
                <span class="method-start">105794 ms</span>
              </div> <!-- configuration-method before -->
              <div class="test-method">
                <img src="failed.png">
                </img>
                <span class="method-name">checkoutShowsCorrectConfirmationMessage</span>
                <span class="method-start">107392 ms</span>
              </div> <!-- test-method -->
              <div class="configuration-method after">
                <span class="method-name">tearDown([TestResult name=checkoutShowsCorrectConfirmationMessage status=FAILURE method=TestCheckoutPage.chec...)</span>
                <span class="method-start">112536 ms</span>
              </div> <!-- configuration-method after -->
              <div class="configuration-method before">
                <span class="method-name">setUp(chrome, [])</span>
                <span class="method-start">113813 ms</span>
              </div> <!-- configuration-method before -->
              <div class="test-method">
                <img src="failed.png">
                </img>
                <span class="method-name">completeCheckoutFlow</span>
                <span class="method-start">115497 ms</span>
              </div> <!-- test-method -->
              <div class="configuration-method after">
                <span class="method-name">tearDown([TestResult name=completeCheckoutFlow status=FAILURE method=TestCheckoutPage.completeCheckoutFlow()[...)</span>
                <span class="method-start">121983 ms</span>
              </div> <!-- configuration-method after -->
            </div> <!-- chronological-class -->
            <div class="chronological-class">
              <div class="chronological-class-name">com.saucedemo.tests.TestSortingProductPage</div> <!-- chronological-class-name -->
              <div class="configuration-method before">
                <span class="method-name">setUp(chrome, [])</span>
                <span class="method-start">123350 ms</span>
              </div> <!-- configuration-method before -->
              <div class="test-method">
                <span class="method-name">sortByNameAtoZ</span>
                <span class="method-start">124803 ms</span>
              </div> <!-- test-method -->
              <div class="configuration-method after">
                <span class="method-name">tearDown([TestResult name=sortByNameAtoZ status=SUCCESS method=TestSortingProductPage.sortByNameAtoZ()[pri:0,...)</span>
                <span class="method-start">128682 ms</span>
              </div> <!-- configuration-method after -->
              <div class="configuration-method before">
                <span class="method-name">setUp(chrome, [])</span>
                <span class="method-start">129802 ms</span>
              </div> <!-- configuration-method before -->
              <div class="test-method">
                <span class="method-name">sortByNameZtoA</span>
                <span class="method-start">131482 ms</span>
              </div> <!-- test-method -->
              <div class="configuration-method after">
                <span class="method-name">tearDown([TestResult name=sortByNameZtoA status=SUCCESS method=TestSortingProductPage.sortByNameZtoA()[pri:0,...)</span>
                <span class="method-start">135458 ms</span>
              </div> <!-- configuration-method after -->
              <div class="configuration-method before">
                <span class="method-name">setUp(chrome, [])</span>
                <span class="method-start">136392 ms</span>
              </div> <!-- configuration-method before -->
              <div class="test-method">
                <span class="method-name">sortByPriceHighToLow</span>
                <span class="method-start">137896 ms</span>
              </div> <!-- test-method -->
              <div class="configuration-method after">
                <span class="method-name">tearDown([TestResult name=sortByPriceHighToLow status=SUCCESS method=TestSortingProductPage.sortByPriceHighTo...)</span>
                <span class="method-start">141256 ms</span>
              </div> <!-- configuration-method after -->
              <div class="configuration-method before">
                <span class="method-name">setUp(chrome, [])</span>
                <span class="method-start">142359 ms</span>
              </div> <!-- configuration-method before -->
              <div class="test-method">
                <span class="method-name">sortByPriceLowToHigh</span>
                <span class="method-start">144043 ms</span>
              </div> <!-- test-method -->
              <div class="configuration-method after">
                <span class="method-name">tearDown([TestResult name=sortByPriceLowToHigh status=SUCCESS method=TestSortingProductPage.sortByPriceLowToH...)</span>
                <span class="method-start">148476 ms</span>
              </div> <!-- configuration-method after -->
            </div> <!-- chronological-class -->
            <div class="chronological-class">
              <div class="chronological-class-name">com.saucedemo.tests.TestLogoutPage</div> <!-- chronological-class-name -->
              <div class="configuration-method before">
                <span class="method-name">setUp(chrome, [])</span>
                <span class="method-start">149198 ms</span>
              </div> <!-- configuration-method before -->
              <div class="test-method">
                <span class="method-name">logoutWorks</span>
                <span class="method-start">151107 ms</span>
              </div> <!-- test-method -->
              <div class="configuration-method after">
                <span class="method-name">tearDown([TestResult name=logoutWorks status=SUCCESS method=TestLogoutPage.logoutWorks()[pri:0, instance:com....)</span>
                <span class="method-start">156029 ms</span>
              </div> <!-- configuration-method after -->
            </div> <!-- chronological-class -->
            <div class="chronological-class">
              <div class="chronological-class-name">com.saucedemo.tests.TestCartBadgeCountValidationPage</div> <!-- chronological-class-name -->
              <div class="configuration-method before">
                <span class="method-name">setUp(chrome, [])</span>
                <span class="method-start">156940 ms</span>
              </div> <!-- configuration-method before -->
              <div class="configuration-method before">
                <span class="method-name">loginAndSetup</span>
                <span class="method-start">159732 ms</span>
              </div> <!-- configuration-method before -->
              <div class="test-method">
                <span class="method-name">badgeDoesNotIncrementForSameItem</span>
                <span class="method-start">164120 ms</span>
              </div> <!-- test-method -->
              <div class="configuration-method after">
                <span class="method-name">tearDown([TestResult name=badgeDoesNotIncrementForSameItem status=SUCCESS method=TestCartBadgeCountValidation...)</span>
                <span class="method-start">164355 ms</span>
              </div> <!-- configuration-method after -->
              <div class="configuration-method before">
                <span class="method-name">setUp(chrome, [])</span>
                <span class="method-start">165105 ms</span>
              </div> <!-- configuration-method before -->
              <div class="configuration-method before">
                <span class="method-name">loginAndSetup</span>
                <span class="method-start">166778 ms</span>
              </div> <!-- configuration-method before -->
              <div class="test-method">
                <span class="method-name">badgeIncrementsWhenAddingItems</span>
                <span class="method-start">170150 ms</span>
              </div> <!-- test-method -->
              <div class="configuration-method after">
                <span class="method-name">tearDown([TestResult name=badgeIncrementsWhenAddingItems status=SUCCESS method=TestCartBadgeCountValidationPa...)</span>
                <span class="method-start">170805 ms</span>
              </div> <!-- configuration-method after -->
              <div class="configuration-method before">
                <span class="method-name">setUp(chrome, [])</span>
                <span class="method-start">172028 ms</span>
              </div> <!-- configuration-method before -->
              <div class="configuration-method before">
                <span class="method-name">loginAndSetup</span>
                <span class="method-start">174219 ms</span>
              </div> <!-- configuration-method before -->
              <div class="test-method">
                <span class="method-name">badgeShowsTwoWhenAddingTwoItems</span>
                <span class="method-start">177703 ms</span>
              </div> <!-- test-method -->
              <div class="configuration-method after">
                <span class="method-name">tearDown([TestResult name=badgeShowsTwoWhenAddingTwoItems status=SUCCESS method=TestCartBadgeCountValidationP...)</span>
                <span class="method-start">178190 ms</span>
              </div> <!-- configuration-method after -->
              <div class="configuration-method before">
                <span class="method-name">setUp(chrome, [])</span>
                <span class="method-start">179117 ms</span>
              </div> <!-- configuration-method before -->
              <div class="configuration-method before">
                <span class="method-name">loginAndSetup</span>
                <span class="method-start">180804 ms</span>
              </div> <!-- configuration-method before -->
              <div class="test-method">
                <span class="method-name">badgeShowsZeroWhenNoItemsAdded</span>
                <span class="method-start">184147 ms</span>
              </div> <!-- test-method -->
              <div class="configuration-method after">
                <span class="method-name">tearDown([TestResult name=badgeShowsZeroWhenNoItemsAdded status=SUCCESS method=TestCartBadgeCountValidationPa...)</span>
                <span class="method-start">184180 ms</span>
              </div> <!-- configuration-method after -->
              <div class="configuration-method before">
                <span class="method-name">setUp(chrome, [])</span>
                <span class="method-start">185242 ms</span>
              </div> <!-- configuration-method before -->
              <div class="configuration-method before">
                <span class="method-name">loginAndSetup</span>
                <span class="method-start">186943 ms</span>
              </div> <!-- configuration-method before -->
              <div class="test-method">
                <span class="method-name">badgeUpdatesAfterRemovingItem</span>
                <span class="method-start">190218 ms</span>
              </div> <!-- test-method -->
              <div class="configuration-method after">
                <span class="method-name">tearDown([TestResult name=badgeUpdatesAfterRemovingItem status=SUCCESS method=TestCartBadgeCountValidationPag...)</span>
                <span class="method-start">190943 ms</span>
              </div> <!-- configuration-method after -->
            </div> <!-- chronological-class -->
            <div class="chronological-class">
              <div class="chronological-class-name">com.saucedemo.tests.BaseTest</div> <!-- chronological-class-name -->
              <div class="configuration-suite after">
                <span class="method-name">afterSuite</span>
                <span class="method-start">191917 ms</span>
              </div> <!-- configuration-suite after -->
          </div> <!-- main-panel-content rounded-window-bottom -->
        </div> <!-- panel -->
      </div> <!-- main-panel-root -->
    </div> <!-- wrapper -->
  </body>
<script type="text/javascript" src="testng-reports2.js"></script>
</html>
